-- The C compiler identification is GNU 13.3.0
-- The CXX compiler identification is GNU 13.3.0
-- Detecting C compiler ABI info
-- Detecting C compiler ABI info - done
-- Check for working C compiler: /usr/bin/cc - skipped
-- Detecting C compile features
-- Detecting C compile features - done
-- Detecting CXX compiler ABI info
-- Detecting CXX compiler ABI info - done
-- Check for working CXX compiler: /usr/bin/c++ - skipped
-- Detecting CXX compile features
-- Detecting CXX compile features - done
-- Found ament_cmake: 2.5.4 (/opt/ros/jazzy/share/ament_cmake/cmake)
-- Found Python3: /usr/bin/python3 (found version "3.12.3") found components: Interpreter 
-- Configuring done (0.8s)
-- Generating done (0.0s)
-- Build files have been written to: /home/martijn/manipulator_assisted_landing/build/feetech_cpp_lib
[ 50%] [32mBuilding CXX object CMakeFiles/feetech_lib.dir/src/feetech_lib.cpp.o[0m
[100%] [32m[1mLinking CXX static library libfeetech_lib.a[0m
[100%] Built target feetech_lib
-- Install configuration: ""
-- Installing: /home/martijn/manipulator_assisted_landing/install/feetech_cpp_lib/share/feetech_cpp_lib/environment/library_path.sh
-- Installing: /home/martijn/manipulator_assisted_landing/install/feetech_cpp_lib/share/feetech_cpp_lib/environment/library_path.dsv
-- Installing: /home/martijn/manipulator_assisted_landing/install/feetech_cpp_lib/include/feetech_cpp_lib
-- Installing: /home/martijn/manipulator_assisted_landing/install/feetech_cpp_lib/include/feetech_cpp_lib/feetech_lib.hpp
-- Installing: /home/martijn/manipulator_assisted_landing/install/feetech_cpp_lib/include/feetech_cpp_lib/boost_timer.hpp
-- Installing: /home/martijn/manipulator_assisted_landing/install/feetech_cpp_lib/include/feetech_cpp_lib/serial_logger.hpp
-- Installing: /home/martijn/manipulator_assisted_landing/install/feetech_cpp_lib/lib/libfeetech_lib.a
-- Installing: /home/martijn/manipulator_assisted_landing/install/feetech_cpp_lib/share/ament_index/resource_index/package_run_dependencies/feetech_cpp_lib
-- Installing: /home/martijn/manipulator_assisted_landing/install/feetech_cpp_lib/share/ament_index/resource_index/parent_prefix_path/feetech_cpp_lib
-- Installing: /home/martijn/manipulator_assisted_landing/install/feetech_cpp_lib/share/feetech_cpp_lib/environment/ament_prefix_path.sh
-- Installing: /home/martijn/manipulator_assisted_landing/install/feetech_cpp_lib/share/feetech_cpp_lib/environment/ament_prefix_path.dsv
-- Installing: /home/martijn/manipulator_assisted_landing/install/feetech_cpp_lib/share/feetech_cpp_lib/environment/path.sh
-- Installing: /home/martijn/manipulator_assisted_landing/install/feetech_cpp_lib/share/feetech_cpp_lib/environment/path.dsv
-- Installing: /home/martijn/manipulator_assisted_landing/install/feetech_cpp_lib/share/feetech_cpp_lib/local_setup.bash
-- Installing: /home/martijn/manipulator_assisted_landing/install/feetech_cpp_lib/share/feetech_cpp_lib/local_setup.sh
-- Installing: /home/martijn/manipulator_assisted_landing/install/feetech_cpp_lib/share/feetech_cpp_lib/local_setup.zsh
-- Installing: /home/martijn/manipulator_assisted_landing/install/feetech_cpp_lib/share/feetech_cpp_lib/local_setup.dsv
-- Installing: /home/martijn/manipulator_assisted_landing/install/feetech_cpp_lib/share/feetech_cpp_lib/package.dsv
-- Installing: /home/martijn/manipulator_assisted_landing/install/feetech_cpp_lib/share/ament_index/resource_index/packages/feetech_cpp_lib
-- Installing: /home/martijn/manipulator_assisted_landing/install/feetech_cpp_lib/share/feetech_cpp_lib/cmake/feetech_libExport.cmake
-- Installing: /home/martijn/manipulator_assisted_landing/install/feetech_cpp_lib/share/feetech_cpp_lib/cmake/feetech_libExport-noconfig.cmake
-- Installing: /home/martijn/manipulator_assisted_landing/install/feetech_cpp_lib/share/feetech_cpp_lib/cmake/ament_cmake_export_targets-extras.cmake
-- Installing: /home/martijn/manipulator_assisted_landing/install/feetech_cpp_lib/share/feetech_cpp_lib/cmake/ament_cmake_export_include_directories-extras.cmake
-- Installing: /home/martijn/manipulator_assisted_landing/install/feetech_cpp_lib/share/feetech_cpp_lib/cmake/ament_cmake_export_dependencies-extras.cmake
-- Installing: /home/martijn/manipulator_assisted_landing/install/feetech_cpp_lib/share/feetech_cpp_lib/cmake/ament_cmake_export_libraries-extras.cmake
-- Installing: /home/martijn/manipulator_assisted_landing/install/feetech_cpp_lib/share/feetech_cpp_lib/cmake/feetech_cpp_libConfig.cmake
-- Installing: /home/martijn/manipulator_assisted_landing/install/feetech_cpp_lib/share/feetech_cpp_lib/cmake/feetech_cpp_libConfig-version.cmake
-- Installing: /home/martijn/manipulator_assisted_landing/install/feetech_cpp_lib/share/feetech_cpp_lib/package.xml
