[0.080s] DEBUG:colcon:Command line arguments: ['/usr/bin/colcon', 'build']
[0.080s] DEBUG:colcon:Parsed command line arguments: Namespace(log_base=None, log_level=None, verb_name='build', build_base='build', install_base='install', merge_install=False, symlink_install=False, test_result_base=None, continue_on_error=False, executor='parallel', parallel_workers=20, event_handlers=None, ignore_user_meta=False, metas=['./colcon.meta'], base_paths=['.'], packages_ignore=None, packages_ignore_regex=None, paths=None, packages_up_to=None, packages_up_to_regex=None, packages_above=None, packages_above_and_dependencies=None, packages_above_depth=None, packages_select_by_dep=None, packages_skip_by_dep=None, packages_skip_up_to=None, packages_select_build_failed=False, packages_skip_build_finished=False, packages_select_test_failures=False, packages_skip_test_passed=False, packages_select=None, packages_skip=None, packages_select_regex=None, packages_skip_regex=None, packages_start=None, packages_end=None, cmake_args=None, cmake_target=None, cmake_target_skip_unavailable=False, cmake_clean_cache=False, cmake_clean_first=False, cmake_force_configure=False, ament_cmake_args=None, catkin_cmake_args=None, catkin_skip_building_tests=False, verb_parser=<colcon_defaults.argument_parser.defaults.DefaultArgumentsDecorator object at 0x7399c3619be0>, verb_extension=<colcon_core.verb.build.BuildVerb object at 0x7399c3762690>, main=<bound method BuildVerb.main of <colcon_core.verb.build.BuildVerb object at 0x7399c3762690>>)
[0.105s] Level 1:colcon.colcon_core.package_discovery:discover_packages(colcon_meta) check parameters
[0.105s] Level 1:colcon.colcon_core.package_discovery:discover_packages(recursive) check parameters
[0.105s] Level 1:colcon.colcon_core.package_discovery:discover_packages(ignore) check parameters
[0.105s] Level 1:colcon.colcon_core.package_discovery:discover_packages(path) check parameters
[0.105s] Level 1:colcon.colcon_core.package_discovery:discover_packages(colcon_meta) discover
[0.105s] Level 1:colcon.colcon_core.package_discovery:discover_packages(recursive) discover
[0.105s] INFO:colcon.colcon_core.package_discovery:Crawling recursively for packages in '/home/martijn/manipulator_assisted_landing'
[0.105s] Level 1:colcon.colcon_core.package_identification:_identify(.) by extensions ['ignore', 'ignore_ament_install']
[0.106s] Level 1:colcon.colcon_core.package_identification:_identify(.) by extension 'ignore'
[0.106s] Level 1:colcon.colcon_core.package_identification:_identify(.) by extension 'ignore_ament_install'
[0.106s] Level 1:colcon.colcon_core.package_identification:_identify(.) by extensions ['colcon_pkg']
[0.106s] Level 1:colcon.colcon_core.package_identification:_identify(.) by extension 'colcon_pkg'
[0.106s] Level 1:colcon.colcon_core.package_identification:_identify(.) by extensions ['colcon_meta']
[0.106s] Level 1:colcon.colcon_core.package_identification:_identify(.) by extension 'colcon_meta'
[0.106s] Level 1:colcon.colcon_core.package_identification:_identify(.) by extensions ['ros']
[0.106s] Level 1:colcon.colcon_core.package_identification:_identify(.) by extension 'ros'
[0.123s] Level 1:colcon.colcon_core.package_identification:_identify(.) by extensions ['cmake', 'python']
[0.123s] Level 1:colcon.colcon_core.package_identification:_identify(.) by extension 'cmake'
[0.123s] Level 1:colcon.colcon_core.package_identification:_identify(.) by extension 'python'
[0.123s] Level 1:colcon.colcon_core.package_identification:_identify(.) by extensions ['python_setup_py']
[0.123s] Level 1:colcon.colcon_core.package_identification:_identify(.) by extension 'python_setup_py'
[0.123s] Level 1:colcon.colcon_core.package_identification:_identify(build) by extensions ['ignore', 'ignore_ament_install']
[0.123s] Level 1:colcon.colcon_core.package_identification:_identify(build) by extension 'ignore'
[0.123s] Level 1:colcon.colcon_core.package_identification:_identify(build) ignored
[0.123s] Level 1:colcon.colcon_core.package_identification:_identify(data) by extensions ['ignore', 'ignore_ament_install']
[0.123s] Level 1:colcon.colcon_core.package_identification:_identify(data) by extension 'ignore'
[0.123s] Level 1:colcon.colcon_core.package_identification:_identify(data) by extension 'ignore_ament_install'
[0.123s] Level 1:colcon.colcon_core.package_identification:_identify(data) by extensions ['colcon_pkg']
[0.123s] Level 1:colcon.colcon_core.package_identification:_identify(data) by extension 'colcon_pkg'
[0.124s] Level 1:colcon.colcon_core.package_identification:_identify(data) by extensions ['colcon_meta']
[0.124s] Level 1:colcon.colcon_core.package_identification:_identify(data) by extension 'colcon_meta'
[0.124s] Level 1:colcon.colcon_core.package_identification:_identify(data) by extensions ['ros']
[0.124s] Level 1:colcon.colcon_core.package_identification:_identify(data) by extension 'ros'
[0.124s] Level 1:colcon.colcon_core.package_identification:_identify(data) by extensions ['cmake', 'python']
[0.124s] Level 1:colcon.colcon_core.package_identification:_identify(data) by extension 'cmake'
[0.124s] Level 1:colcon.colcon_core.package_identification:_identify(data) by extension 'python'
[0.124s] Level 1:colcon.colcon_core.package_identification:_identify(data) by extensions ['python_setup_py']
[0.124s] Level 1:colcon.colcon_core.package_identification:_identify(data) by extension 'python_setup_py'
[0.124s] Level 1:colcon.colcon_core.package_identification:_identify(docker) by extensions ['ignore', 'ignore_ament_install']
[0.124s] Level 1:colcon.colcon_core.package_identification:_identify(docker) by extension 'ignore'
[0.124s] Level 1:colcon.colcon_core.package_identification:_identify(docker) by extension 'ignore_ament_install'
[0.124s] Level 1:colcon.colcon_core.package_identification:_identify(docker) by extensions ['colcon_pkg']
[0.124s] Level 1:colcon.colcon_core.package_identification:_identify(docker) by extension 'colcon_pkg'
[0.124s] Level 1:colcon.colcon_core.package_identification:_identify(docker) by extensions ['colcon_meta']
[0.124s] Level 1:colcon.colcon_core.package_identification:_identify(docker) by extension 'colcon_meta'
[0.124s] Level 1:colcon.colcon_core.package_identification:_identify(docker) by extensions ['ros']
[0.124s] Level 1:colcon.colcon_core.package_identification:_identify(docker) by extension 'ros'
[0.124s] Level 1:colcon.colcon_core.package_identification:_identify(docker) by extensions ['cmake', 'python']
[0.124s] Level 1:colcon.colcon_core.package_identification:_identify(docker) by extension 'cmake'
[0.124s] Level 1:colcon.colcon_core.package_identification:_identify(docker) by extension 'python'
[0.124s] Level 1:colcon.colcon_core.package_identification:_identify(docker) by extensions ['python_setup_py']
[0.124s] Level 1:colcon.colcon_core.package_identification:_identify(docker) by extension 'python_setup_py'
[0.124s] Level 1:colcon.colcon_core.package_identification:_identify(install) by extensions ['ignore', 'ignore_ament_install']
[0.124s] Level 1:colcon.colcon_core.package_identification:_identify(install) by extension 'ignore'
[0.124s] Level 1:colcon.colcon_core.package_identification:_identify(install) ignored
[0.124s] Level 1:colcon.colcon_core.package_identification:_identify(log) by extensions ['ignore', 'ignore_ament_install']
[0.124s] Level 1:colcon.colcon_core.package_identification:_identify(log) by extension 'ignore'
[0.124s] Level 1:colcon.colcon_core.package_identification:_identify(log) ignored
[0.124s] Level 1:colcon.colcon_core.package_identification:_identify(src) by extensions ['ignore', 'ignore_ament_install']
[0.124s] Level 1:colcon.colcon_core.package_identification:_identify(src) by extension 'ignore'
[0.124s] Level 1:colcon.colcon_core.package_identification:_identify(src) by extension 'ignore_ament_install'
[0.124s] Level 1:colcon.colcon_core.package_identification:_identify(src) by extensions ['colcon_pkg']
[0.124s] Level 1:colcon.colcon_core.package_identification:_identify(src) by extension 'colcon_pkg'
[0.124s] Level 1:colcon.colcon_core.package_identification:_identify(src) by extensions ['colcon_meta']
[0.124s] Level 1:colcon.colcon_core.package_identification:_identify(src) by extension 'colcon_meta'
[0.124s] Level 1:colcon.colcon_core.package_identification:_identify(src) by extensions ['ros']
[0.124s] Level 1:colcon.colcon_core.package_identification:_identify(src) by extension 'ros'
[0.125s] Level 1:colcon.colcon_core.package_identification:_identify(src) by extensions ['cmake', 'python']
[0.125s] Level 1:colcon.colcon_core.package_identification:_identify(src) by extension 'cmake'
[0.125s] Level 1:colcon.colcon_core.package_identification:_identify(src) by extension 'python'
[0.125s] Level 1:colcon.colcon_core.package_identification:_identify(src) by extensions ['python_setup_py']
[0.125s] Level 1:colcon.colcon_core.package_identification:_identify(src) by extension 'python_setup_py'
[0.125s] Level 1:colcon.colcon_core.package_identification:_identify(src/feetech_ros2_driver) by extensions ['ignore', 'ignore_ament_install']
[0.125s] Level 1:colcon.colcon_core.package_identification:_identify(src/feetech_ros2_driver) by extension 'ignore'
[0.125s] Level 1:colcon.colcon_core.package_identification:_identify(src/feetech_ros2_driver) by extension 'ignore_ament_install'
[0.125s] Level 1:colcon.colcon_core.package_identification:_identify(src/feetech_ros2_driver) by extensions ['colcon_pkg']
[0.125s] Level 1:colcon.colcon_core.package_identification:_identify(src/feetech_ros2_driver) by extension 'colcon_pkg'
[0.125s] Level 1:colcon.colcon_core.package_identification:_identify(src/feetech_ros2_driver) by extensions ['colcon_meta']
[0.125s] Level 1:colcon.colcon_core.package_identification:_identify(src/feetech_ros2_driver) by extension 'colcon_meta'
[0.125s] Level 1:colcon.colcon_core.package_identification:_identify(src/feetech_ros2_driver) by extensions ['ros']
[0.125s] Level 1:colcon.colcon_core.package_identification:_identify(src/feetech_ros2_driver) by extension 'ros'
[0.125s] Level 1:colcon.colcon_core.package_identification:_identify(src/feetech_ros2_driver) by extensions ['cmake', 'python']
[0.125s] Level 1:colcon.colcon_core.package_identification:_identify(src/feetech_ros2_driver) by extension 'cmake'
[0.125s] Level 1:colcon.colcon_core.package_identification:_identify(src/feetech_ros2_driver) by extension 'python'
[0.125s] Level 1:colcon.colcon_core.package_identification:_identify(src/feetech_ros2_driver) by extensions ['python_setup_py']
[0.125s] Level 1:colcon.colcon_core.package_identification:_identify(src/feetech_ros2_driver) by extension 'python_setup_py'
[0.125s] Level 1:colcon.colcon_core.package_identification:_identify(src/feetech_ros2_driver/feetech_cpp_lib) by extensions ['ignore', 'ignore_ament_install']
[0.125s] Level 1:colcon.colcon_core.package_identification:_identify(src/feetech_ros2_driver/feetech_cpp_lib) by extension 'ignore'
[0.125s] Level 1:colcon.colcon_core.package_identification:_identify(src/feetech_ros2_driver/feetech_cpp_lib) by extension 'ignore_ament_install'
[0.125s] Level 1:colcon.colcon_core.package_identification:_identify(src/feetech_ros2_driver/feetech_cpp_lib) by extensions ['colcon_pkg']
[0.125s] Level 1:colcon.colcon_core.package_identification:_identify(src/feetech_ros2_driver/feetech_cpp_lib) by extension 'colcon_pkg'
[0.125s] Level 1:colcon.colcon_core.package_identification:_identify(src/feetech_ros2_driver/feetech_cpp_lib) by extensions ['colcon_meta']
[0.125s] Level 1:colcon.colcon_core.package_identification:_identify(src/feetech_ros2_driver/feetech_cpp_lib) by extension 'colcon_meta'
[0.125s] Level 1:colcon.colcon_core.package_identification:_identify(src/feetech_ros2_driver/feetech_cpp_lib) by extensions ['ros']
[0.125s] Level 1:colcon.colcon_core.package_identification:_identify(src/feetech_ros2_driver/feetech_cpp_lib) by extension 'ros'
[0.127s] DEBUG:colcon.colcon_core.package_identification:Package 'src/feetech_ros2_driver/feetech_cpp_lib' with type 'ros.ament_cmake' and name 'feetech_cpp_lib'
[0.127s] Level 1:colcon.colcon_core.package_identification:_identify(src/feetech_ros2_driver/feetech_ros2) by extensions ['ignore', 'ignore_ament_install']
[0.127s] Level 1:colcon.colcon_core.package_identification:_identify(src/feetech_ros2_driver/feetech_ros2) by extension 'ignore'
[0.127s] Level 1:colcon.colcon_core.package_identification:_identify(src/feetech_ros2_driver/feetech_ros2) by extension 'ignore_ament_install'
[0.127s] Level 1:colcon.colcon_core.package_identification:_identify(src/feetech_ros2_driver/feetech_ros2) by extensions ['colcon_pkg']
[0.127s] Level 1:colcon.colcon_core.package_identification:_identify(src/feetech_ros2_driver/feetech_ros2) by extension 'colcon_pkg'
[0.127s] Level 1:colcon.colcon_core.package_identification:_identify(src/feetech_ros2_driver/feetech_ros2) by extensions ['colcon_meta']
[0.127s] Level 1:colcon.colcon_core.package_identification:_identify(src/feetech_ros2_driver/feetech_ros2) by extension 'colcon_meta'
[0.127s] Level 1:colcon.colcon_core.package_identification:_identify(src/feetech_ros2_driver/feetech_ros2) by extensions ['ros']
[0.127s] Level 1:colcon.colcon_core.package_identification:_identify(src/feetech_ros2_driver/feetech_ros2) by extension 'ros'
[0.128s] DEBUG:colcon.colcon_core.package_identification:Package 'src/feetech_ros2_driver/feetech_ros2' with type 'ros.ament_cmake' and name 'feetech_ros2'
[0.128s] Level 1:colcon.colcon_core.package_identification:_identify(src/px4_msgs) by extensions ['ignore', 'ignore_ament_install']
[0.128s] Level 1:colcon.colcon_core.package_identification:_identify(src/px4_msgs) by extension 'ignore'
[0.128s] Level 1:colcon.colcon_core.package_identification:_identify(src/px4_msgs) by extension 'ignore_ament_install'
[0.128s] Level 1:colcon.colcon_core.package_identification:_identify(src/px4_msgs) by extensions ['colcon_pkg']
[0.128s] Level 1:colcon.colcon_core.package_identification:_identify(src/px4_msgs) by extension 'colcon_pkg'
[0.128s] Level 1:colcon.colcon_core.package_identification:_identify(src/px4_msgs) by extensions ['colcon_meta']
[0.128s] Level 1:colcon.colcon_core.package_identification:_identify(src/px4_msgs) by extension 'colcon_meta'
[0.128s] Level 1:colcon.colcon_core.package_identification:_identify(src/px4_msgs) by extensions ['ros']
[0.128s] Level 1:colcon.colcon_core.package_identification:_identify(src/px4_msgs) by extension 'ros'
[0.128s] DEBUG:colcon.colcon_core.package_identification:Package 'src/px4_msgs' with type 'ros.ament_cmake' and name 'px4_msgs'
[0.128s] Level 1:colcon.colcon_core.package_identification:_identify(src/px4_uam_sim) by extensions ['ignore', 'ignore_ament_install']
[0.128s] Level 1:colcon.colcon_core.package_identification:_identify(src/px4_uam_sim) by extension 'ignore'
[0.128s] Level 1:colcon.colcon_core.package_identification:_identify(src/px4_uam_sim) by extension 'ignore_ament_install'
[0.128s] Level 1:colcon.colcon_core.package_identification:_identify(src/px4_uam_sim) by extensions ['colcon_pkg']
[0.128s] Level 1:colcon.colcon_core.package_identification:_identify(src/px4_uam_sim) by extension 'colcon_pkg'
[0.128s] Level 1:colcon.colcon_core.package_identification:_identify(src/px4_uam_sim) by extensions ['colcon_meta']
[0.128s] Level 1:colcon.colcon_core.package_identification:_identify(src/px4_uam_sim) by extension 'colcon_meta'
[0.128s] Level 1:colcon.colcon_core.package_identification:_identify(src/px4_uam_sim) by extensions ['ros']
[0.128s] Level 1:colcon.colcon_core.package_identification:_identify(src/px4_uam_sim) by extension 'ros'
[0.129s] DEBUG:colcon.colcon_core.package_identification:Package 'src/px4_uam_sim' with type 'ros.ament_cmake' and name 'px4_uam_sim'
[0.129s] Level 1:colcon.colcon_core.package_discovery:discover_packages(recursive) using defaults
[0.129s] Level 1:colcon.colcon_core.package_discovery:discover_packages(ignore) discover
[0.129s] Level 1:colcon.colcon_core.package_discovery:discover_packages(ignore) using defaults
[0.129s] Level 1:colcon.colcon_core.package_discovery:discover_packages(path) discover
[0.129s] Level 1:colcon.colcon_core.package_discovery:discover_packages(path) using defaults
[0.141s] Level 5:colcon.colcon_core.verb:set package 'feetech_cpp_lib' build argument 'cmake_args' from command line to 'None'
[0.141s] Level 5:colcon.colcon_core.verb:set package 'feetech_cpp_lib' build argument 'cmake_target' from command line to 'None'
[0.141s] Level 5:colcon.colcon_core.verb:set package 'feetech_cpp_lib' build argument 'cmake_target_skip_unavailable' from command line to 'False'
[0.141s] Level 5:colcon.colcon_core.verb:set package 'feetech_cpp_lib' build argument 'cmake_clean_cache' from command line to 'False'
[0.141s] Level 5:colcon.colcon_core.verb:set package 'feetech_cpp_lib' build argument 'cmake_clean_first' from command line to 'False'
[0.141s] Level 5:colcon.colcon_core.verb:set package 'feetech_cpp_lib' build argument 'cmake_force_configure' from command line to 'False'
[0.141s] Level 5:colcon.colcon_core.verb:set package 'feetech_cpp_lib' build argument 'ament_cmake_args' from command line to 'None'
[0.141s] Level 5:colcon.colcon_core.verb:set package 'feetech_cpp_lib' build argument 'catkin_cmake_args' from command line to 'None'
[0.141s] Level 5:colcon.colcon_core.verb:set package 'feetech_cpp_lib' build argument 'catkin_skip_building_tests' from command line to 'False'
[0.141s] DEBUG:colcon.colcon_core.verb:Building package 'feetech_cpp_lib' with the following arguments: {'ament_cmake_args': None, 'build_base': '/home/martijn/manipulator_assisted_landing/build/feetech_cpp_lib', 'catkin_cmake_args': None, 'catkin_skip_building_tests': False, 'cmake_args': None, 'cmake_clean_cache': False, 'cmake_clean_first': False, 'cmake_force_configure': False, 'cmake_target': None, 'cmake_target_skip_unavailable': False, 'install_base': '/home/martijn/manipulator_assisted_landing/install/feetech_cpp_lib', 'merge_install': False, 'path': '/home/martijn/manipulator_assisted_landing/src/feetech_ros2_driver/feetech_cpp_lib', 'symlink_install': False, 'test_result_base': None}
[0.141s] Level 5:colcon.colcon_core.verb:set package 'px4_msgs' build argument 'cmake_args' from command line to 'None'
[0.141s] Level 5:colcon.colcon_core.verb:set package 'px4_msgs' build argument 'cmake_target' from command line to 'None'
[0.141s] Level 5:colcon.colcon_core.verb:set package 'px4_msgs' build argument 'cmake_target_skip_unavailable' from command line to 'False'
[0.141s] Level 5:colcon.colcon_core.verb:set package 'px4_msgs' build argument 'cmake_clean_cache' from command line to 'False'
[0.141s] Level 5:colcon.colcon_core.verb:set package 'px4_msgs' build argument 'cmake_clean_first' from command line to 'False'
[0.141s] Level 5:colcon.colcon_core.verb:set package 'px4_msgs' build argument 'cmake_force_configure' from command line to 'False'
[0.141s] Level 5:colcon.colcon_core.verb:set package 'px4_msgs' build argument 'ament_cmake_args' from command line to 'None'
[0.141s] Level 5:colcon.colcon_core.verb:set package 'px4_msgs' build argument 'catkin_cmake_args' from command line to 'None'
[0.141s] Level 5:colcon.colcon_core.verb:set package 'px4_msgs' build argument 'catkin_skip_building_tests' from command line to 'False'
[0.141s] DEBUG:colcon.colcon_core.verb:Building package 'px4_msgs' with the following arguments: {'ament_cmake_args': None, 'build_base': '/home/martijn/manipulator_assisted_landing/build/px4_msgs', 'catkin_cmake_args': None, 'catkin_skip_building_tests': False, 'cmake_args': None, 'cmake_clean_cache': False, 'cmake_clean_first': False, 'cmake_force_configure': False, 'cmake_target': None, 'cmake_target_skip_unavailable': False, 'install_base': '/home/martijn/manipulator_assisted_landing/install/px4_msgs', 'merge_install': False, 'path': '/home/martijn/manipulator_assisted_landing/src/px4_msgs', 'symlink_install': False, 'test_result_base': None}
[0.141s] Level 5:colcon.colcon_core.verb:set package 'feetech_ros2' build argument 'cmake_args' from command line to 'None'
[0.142s] Level 5:colcon.colcon_core.verb:set package 'feetech_ros2' build argument 'cmake_target' from command line to 'None'
[0.142s] Level 5:colcon.colcon_core.verb:set package 'feetech_ros2' build argument 'cmake_target_skip_unavailable' from command line to 'False'
[0.142s] Level 5:colcon.colcon_core.verb:set package 'feetech_ros2' build argument 'cmake_clean_cache' from command line to 'False'
[0.142s] Level 5:colcon.colcon_core.verb:set package 'feetech_ros2' build argument 'cmake_clean_first' from command line to 'False'
[0.142s] Level 5:colcon.colcon_core.verb:set package 'feetech_ros2' build argument 'cmake_force_configure' from command line to 'False'
[0.142s] Level 5:colcon.colcon_core.verb:set package 'feetech_ros2' build argument 'ament_cmake_args' from command line to 'None'
[0.142s] Level 5:colcon.colcon_core.verb:set package 'feetech_ros2' build argument 'catkin_cmake_args' from command line to 'None'
[0.142s] Level 5:colcon.colcon_core.verb:set package 'feetech_ros2' build argument 'catkin_skip_building_tests' from command line to 'False'
[0.142s] DEBUG:colcon.colcon_core.verb:Building package 'feetech_ros2' with the following arguments: {'ament_cmake_args': None, 'build_base': '/home/martijn/manipulator_assisted_landing/build/feetech_ros2', 'catkin_cmake_args': None, 'catkin_skip_building_tests': False, 'cmake_args': None, 'cmake_clean_cache': False, 'cmake_clean_first': False, 'cmake_force_configure': False, 'cmake_target': None, 'cmake_target_skip_unavailable': False, 'install_base': '/home/martijn/manipulator_assisted_landing/install/feetech_ros2', 'merge_install': False, 'path': '/home/martijn/manipulator_assisted_landing/src/feetech_ros2_driver/feetech_ros2', 'symlink_install': False, 'test_result_base': None}
[0.142s] Level 5:colcon.colcon_core.verb:set package 'px4_uam_sim' build argument 'cmake_args' from command line to 'None'
[0.142s] Level 5:colcon.colcon_core.verb:set package 'px4_uam_sim' build argument 'cmake_target' from command line to 'None'
[0.142s] Level 5:colcon.colcon_core.verb:set package 'px4_uam_sim' build argument 'cmake_target_skip_unavailable' from command line to 'False'
[0.142s] Level 5:colcon.colcon_core.verb:set package 'px4_uam_sim' build argument 'cmake_clean_cache' from command line to 'False'
[0.142s] Level 5:colcon.colcon_core.verb:set package 'px4_uam_sim' build argument 'cmake_clean_first' from command line to 'False'
[0.142s] Level 5:colcon.colcon_core.verb:set package 'px4_uam_sim' build argument 'cmake_force_configure' from command line to 'False'
[0.142s] Level 5:colcon.colcon_core.verb:set package 'px4_uam_sim' build argument 'ament_cmake_args' from command line to 'None'
[0.142s] Level 5:colcon.colcon_core.verb:set package 'px4_uam_sim' build argument 'catkin_cmake_args' from command line to 'None'
[0.142s] Level 5:colcon.colcon_core.verb:set package 'px4_uam_sim' build argument 'catkin_skip_building_tests' from command line to 'False'
[0.142s] DEBUG:colcon.colcon_core.verb:Building package 'px4_uam_sim' with the following arguments: {'ament_cmake_args': None, 'build_base': '/home/martijn/manipulator_assisted_landing/build/px4_uam_sim', 'catkin_cmake_args': None, 'catkin_skip_building_tests': False, 'cmake_args': None, 'cmake_clean_cache': False, 'cmake_clean_first': False, 'cmake_force_configure': False, 'cmake_target': None, 'cmake_target_skip_unavailable': False, 'install_base': '/home/martijn/manipulator_assisted_landing/install/px4_uam_sim', 'merge_install': False, 'path': '/home/martijn/manipulator_assisted_landing/src/px4_uam_sim', 'symlink_install': False, 'test_result_base': None}
[0.142s] INFO:colcon.colcon_core.executor:Executing jobs using 'parallel' executor
[0.143s] DEBUG:colcon.colcon_parallel_executor.executor.parallel:run_until_complete
[0.143s] INFO:colcon.colcon_ros.task.ament_cmake.build:Building ROS package in '/home/martijn/manipulator_assisted_landing/src/feetech_ros2_driver/feetech_cpp_lib' with build type 'ament_cmake'
[0.143s] INFO:colcon.colcon_cmake.task.cmake.build:Building CMake package in '/home/martijn/manipulator_assisted_landing/src/feetech_ros2_driver/feetech_cpp_lib'
[0.146s] INFO:colcon.colcon_core.plugin_system:Skipping extension 'colcon_core.shell.bat': Not used on non-Windows systems
[0.146s] DEBUG:colcon.colcon_core.shell:Skip shell extension 'dsv' for command environment
[0.150s] INFO:colcon.colcon_ros.task.ament_cmake.build:Building ROS package in '/home/martijn/manipulator_assisted_landing/src/px4_msgs' with build type 'ament_cmake'
[0.150s] INFO:colcon.colcon_cmake.task.cmake.build:Building CMake package in '/home/martijn/manipulator_assisted_landing/src/px4_msgs'
[0.150s] DEBUG:colcon.colcon_core.shell:Skip shell extension 'dsv' for command environment
[0.154s] DEBUG:colcon.colcon_core.event_handler.log_command:Invoking command in '/home/martijn/manipulator_assisted_landing/build/feetech_cpp_lib': CMAKE_PREFIX_PATH=${CMAKE_PREFIX_PATH}:/opt/ros/jazzy DEBUGINFOD_URLS=https://debuginfod.ubuntu.com /usr/bin/cmake /home/martijn/manipulator_assisted_landing/src/feetech_ros2_driver/feetech_cpp_lib -DCMAKE_INSTALL_PREFIX=/home/martijn/manipulator_assisted_landing/install/feetech_cpp_lib
[0.157s] DEBUG:colcon.colcon_core.event_handler.log_command:Invoking command in '/home/martijn/manipulator_assisted_landing/build/px4_msgs': CMAKE_PREFIX_PATH=${CMAKE_PREFIX_PATH}:/opt/ros/jazzy DEBUGINFOD_URLS=https://debuginfod.ubuntu.com /usr/bin/cmake /home/martijn/manipulator_assisted_landing/src/px4_msgs -DCMAKE_INSTALL_PREFIX=/home/martijn/manipulator_assisted_landing/install/px4_msgs
[0.933s] DEBUG:colcon.colcon_core.event_handler.log_command:Invoked command in '/home/martijn/manipulator_assisted_landing/build/feetech_cpp_lib' returned '0': CMAKE_PREFIX_PATH=${CMAKE_PREFIX_PATH}:/opt/ros/jazzy DEBUGINFOD_URLS=https://debuginfod.ubuntu.com /usr/bin/cmake /home/martijn/manipulator_assisted_landing/src/feetech_ros2_driver/feetech_cpp_lib -DCMAKE_INSTALL_PREFIX=/home/martijn/manipulator_assisted_landing/install/feetech_cpp_lib
[0.934s] DEBUG:colcon.colcon_core.event_handler.log_command:Invoking command in '/home/martijn/manipulator_assisted_landing/build/feetech_cpp_lib': CMAKE_PREFIX_PATH=${CMAKE_PREFIX_PATH}:/opt/ros/jazzy DEBUGINFOD_URLS=https://debuginfod.ubuntu.com /usr/bin/cmake --build /home/martijn/manipulator_assisted_landing/build/feetech_cpp_lib -- -j20 -l20
[3.368s] DEBUG:colcon.colcon_core.event_handler.log_command:Invoked command in '/home/martijn/manipulator_assisted_landing/build/feetech_cpp_lib' returned '0': CMAKE_PREFIX_PATH=${CMAKE_PREFIX_PATH}:/opt/ros/jazzy DEBUGINFOD_URLS=https://debuginfod.ubuntu.com /usr/bin/cmake --build /home/martijn/manipulator_assisted_landing/build/feetech_cpp_lib -- -j20 -l20
[3.380s] DEBUG:colcon.colcon_core.event_handler.log_command:Invoking command in '/home/martijn/manipulator_assisted_landing/build/feetech_cpp_lib': CMAKE_PREFIX_PATH=${CMAKE_PREFIX_PATH}:/opt/ros/jazzy DEBUGINFOD_URLS=https://debuginfod.ubuntu.com /usr/bin/cmake --install /home/martijn/manipulator_assisted_landing/build/feetech_cpp_lib
[3.392s] Level 1:colcon.colcon_core.environment:create_environment_scripts_only(feetech_cpp_lib)
[3.393s] DEBUG:colcon.colcon_core.event_handler.log_command:Invoked command in '/home/martijn/manipulator_assisted_landing/build/feetech_cpp_lib' returned '0': CMAKE_PREFIX_PATH=${CMAKE_PREFIX_PATH}:/opt/ros/jazzy DEBUGINFOD_URLS=https://debuginfod.ubuntu.com /usr/bin/cmake --install /home/martijn/manipulator_assisted_landing/build/feetech_cpp_lib
[3.398s] Level 1:colcon.colcon_core.environment:checking '/home/martijn/manipulator_assisted_landing/install/feetech_cpp_lib' for CMake module files
[3.399s] Level 1:colcon.colcon_core.environment:checking '/home/martijn/manipulator_assisted_landing/install/feetech_cpp_lib' for CMake config files
[3.399s] Level 1:colcon.colcon_core.shell:create_environment_hook('feetech_cpp_lib', 'cmake_prefix_path')
[3.399s] INFO:colcon.colcon_core.shell:Creating environment descriptor '/home/martijn/manipulator_assisted_landing/install/feetech_cpp_lib/share/feetech_cpp_lib/hook/cmake_prefix_path.dsv'
[3.399s] INFO:colcon.colcon_core.shell:Creating environment hook '/home/martijn/manipulator_assisted_landing/install/feetech_cpp_lib/share/feetech_cpp_lib/hook/cmake_prefix_path.sh'
[3.400s] Level 1:colcon.colcon_core.environment:checking '/home/martijn/manipulator_assisted_landing/install/feetech_cpp_lib/lib'
[3.400s] Level 1:colcon.colcon_core.environment:checking '/home/martijn/manipulator_assisted_landing/install/feetech_cpp_lib/bin'
[3.400s] Level 1:colcon.colcon_core.environment:checking '/home/martijn/manipulator_assisted_landing/install/feetech_cpp_lib/lib/pkgconfig/feetech_cpp_lib.pc'
[3.401s] Level 1:colcon.colcon_core.environment:checking '/home/martijn/manipulator_assisted_landing/install/feetech_cpp_lib/lib/python3.12/site-packages'
[3.402s] Level 1:colcon.colcon_core.environment:checking '/home/martijn/manipulator_assisted_landing/install/feetech_cpp_lib/bin'
[3.402s] INFO:colcon.colcon_core.shell:Creating package descriptor '/home/martijn/manipulator_assisted_landing/install/feetech_cpp_lib/share/feetech_cpp_lib/package.dsv'
[3.402s] INFO:colcon.colcon_core.shell:Creating package script '/home/martijn/manipulator_assisted_landing/install/feetech_cpp_lib/share/feetech_cpp_lib/package.sh'
[3.403s] INFO:colcon.colcon_core.shell:Creating package script '/home/martijn/manipulator_assisted_landing/install/feetech_cpp_lib/share/feetech_cpp_lib/package.bash'
[3.403s] INFO:colcon.colcon_core.shell:Creating package script '/home/martijn/manipulator_assisted_landing/install/feetech_cpp_lib/share/feetech_cpp_lib/package.zsh'
[3.404s] Level 1:colcon.colcon_core.environment:create_file_with_runtime_dependencies(/home/martijn/manipulator_assisted_landing/install/feetech_cpp_lib/share/colcon-core/packages/feetech_cpp_lib)
[3.404s] Level 1:colcon.colcon_core.environment:create_environment_scripts_only(feetech_cpp_lib)
[3.404s] Level 1:colcon.colcon_core.environment:checking '/home/martijn/manipulator_assisted_landing/install/feetech_cpp_lib' for CMake module files
[3.405s] Level 1:colcon.colcon_core.environment:checking '/home/martijn/manipulator_assisted_landing/install/feetech_cpp_lib' for CMake config files
[3.405s] Level 1:colcon.colcon_core.shell:create_environment_hook('feetech_cpp_lib', 'cmake_prefix_path')
[3.405s] INFO:colcon.colcon_core.shell:Creating environment descriptor '/home/martijn/manipulator_assisted_landing/install/feetech_cpp_lib/share/feetech_cpp_lib/hook/cmake_prefix_path.dsv'
[3.405s] INFO:colcon.colcon_core.shell:Creating environment hook '/home/martijn/manipulator_assisted_landing/install/feetech_cpp_lib/share/feetech_cpp_lib/hook/cmake_prefix_path.sh'
[3.405s] Level 1:colcon.colcon_core.environment:checking '/home/martijn/manipulator_assisted_landing/install/feetech_cpp_lib/lib'
[3.405s] Level 1:colcon.colcon_core.environment:checking '/home/martijn/manipulator_assisted_landing/install/feetech_cpp_lib/bin'
[3.405s] Level 1:colcon.colcon_core.environment:checking '/home/martijn/manipulator_assisted_landing/install/feetech_cpp_lib/lib/pkgconfig/feetech_cpp_lib.pc'
[3.406s] Level 1:colcon.colcon_core.environment:checking '/home/martijn/manipulator_assisted_landing/install/feetech_cpp_lib/lib/python3.12/site-packages'
[3.406s] Level 1:colcon.colcon_core.environment:checking '/home/martijn/manipulator_assisted_landing/install/feetech_cpp_lib/bin'
[3.406s] INFO:colcon.colcon_core.shell:Creating package descriptor '/home/martijn/manipulator_assisted_landing/install/feetech_cpp_lib/share/feetech_cpp_lib/package.dsv'
[3.406s] INFO:colcon.colcon_core.shell:Creating package script '/home/martijn/manipulator_assisted_landing/install/feetech_cpp_lib/share/feetech_cpp_lib/package.sh'
[3.406s] INFO:colcon.colcon_core.shell:Creating package script '/home/martijn/manipulator_assisted_landing/install/feetech_cpp_lib/share/feetech_cpp_lib/package.bash'
[3.406s] INFO:colcon.colcon_core.shell:Creating package script '/home/martijn/manipulator_assisted_landing/install/feetech_cpp_lib/share/feetech_cpp_lib/package.zsh'
[3.407s] Level 1:colcon.colcon_core.environment:create_file_with_runtime_dependencies(/home/martijn/manipulator_assisted_landing/install/feetech_cpp_lib/share/colcon-core/packages/feetech_cpp_lib)
[3.407s] INFO:colcon.colcon_ros.task.ament_cmake.build:Building ROS package in '/home/martijn/manipulator_assisted_landing/src/feetech_ros2_driver/feetech_ros2' with build type 'ament_cmake'
[3.407s] INFO:colcon.colcon_cmake.task.cmake.build:Building CMake package in '/home/martijn/manipulator_assisted_landing/src/feetech_ros2_driver/feetech_ros2'
[3.407s] DEBUG:colcon.colcon_core.shell:Skip shell extension 'dsv' for command environment
[3.416s] DEBUG:colcon.colcon_core.event_handler.log_command:Invoking command in '/home/martijn/manipulator_assisted_landing/build/feetech_ros2': AMENT_PREFIX_PATH=/home/martijn/manipulator_assisted_landing/install/feetech_cpp_lib:${AMENT_PREFIX_PATH} CMAKE_PREFIX_PATH=/home/martijn/manipulator_assisted_landing/install/feetech_cpp_lib:/opt/ros/jazzy/opt/gz_sim_vendor:/opt/ros/jazzy/opt/gz_sensors_vendor:/opt/ros/jazzy/opt/gz_physics_vendor:/opt/ros/jazzy/opt/sdformat_vendor:/opt/ros/jazzy/opt/gz_gui_vendor:/opt/ros/jazzy/opt/gz_transport_vendor:/opt/ros/jazzy/opt/gz_rendering_vendor:/opt/ros/jazzy/opt/gz_plugin_vendor:/opt/ros/jazzy/opt/gz_fuel_tools_vendor:/opt/ros/jazzy/opt/gz_msgs_vendor:/opt/ros/jazzy/opt/gz_common_vendor:/opt/ros/jazzy/opt/gz_math_vendor:/opt/ros/jazzy/opt/gz_utils_vendor:/opt/ros/jazzy/opt/gz_tools_vendor:/opt/ros/jazzy/opt/gz_ogre_next_vendor:/opt/ros/jazzy/opt/gz_dartsim_vendor:/opt/ros/jazzy/opt/gz_cmake_vendor:/opt/ros/jazzy DEBUGINFOD_URLS=https://debuginfod.ubuntu.com LD_LIBRARY_PATH=/home/martijn/manipulator_assisted_landing/install/feetech_cpp_lib/lib:${LD_LIBRARY_PATH} /usr/bin/cmake /home/martijn/manipulator_assisted_landing/src/feetech_ros2_driver/feetech_ros2 -DCMAKE_INSTALL_PREFIX=/home/martijn/manipulator_assisted_landing/install/feetech_ros2
[4.177s] DEBUG:colcon.colcon_core.event_handler.log_command:Invoked command in '/home/martijn/manipulator_assisted_landing/build/px4_msgs' returned '0': CMAKE_PREFIX_PATH=${CMAKE_PREFIX_PATH}:/opt/ros/jazzy DEBUGINFOD_URLS=https://debuginfod.ubuntu.com /usr/bin/cmake /home/martijn/manipulator_assisted_landing/src/px4_msgs -DCMAKE_INSTALL_PREFIX=/home/martijn/manipulator_assisted_landing/install/px4_msgs
[4.178s] DEBUG:colcon.colcon_core.event_handler.log_command:Invoking command in '/home/martijn/manipulator_assisted_landing/build/px4_msgs': CMAKE_PREFIX_PATH=${CMAKE_PREFIX_PATH}:/opt/ros/jazzy DEBUGINFOD_URLS=https://debuginfod.ubuntu.com /usr/bin/cmake --build /home/martijn/manipulator_assisted_landing/build/px4_msgs -- -j20 -l20
[6.141s] DEBUG:colcon.colcon_core.event_handler.log_command:Invoked command in '/home/martijn/manipulator_assisted_landing/build/feetech_ros2' returned '0': AMENT_PREFIX_PATH=/home/martijn/manipulator_assisted_landing/install/feetech_cpp_lib:${AMENT_PREFIX_PATH} CMAKE_PREFIX_PATH=/home/martijn/manipulator_assisted_landing/install/feetech_cpp_lib:/opt/ros/jazzy/opt/gz_sim_vendor:/opt/ros/jazzy/opt/gz_sensors_vendor:/opt/ros/jazzy/opt/gz_physics_vendor:/opt/ros/jazzy/opt/sdformat_vendor:/opt/ros/jazzy/opt/gz_gui_vendor:/opt/ros/jazzy/opt/gz_transport_vendor:/opt/ros/jazzy/opt/gz_rendering_vendor:/opt/ros/jazzy/opt/gz_plugin_vendor:/opt/ros/jazzy/opt/gz_fuel_tools_vendor:/opt/ros/jazzy/opt/gz_msgs_vendor:/opt/ros/jazzy/opt/gz_common_vendor:/opt/ros/jazzy/opt/gz_math_vendor:/opt/ros/jazzy/opt/gz_utils_vendor:/opt/ros/jazzy/opt/gz_tools_vendor:/opt/ros/jazzy/opt/gz_ogre_next_vendor:/opt/ros/jazzy/opt/gz_dartsim_vendor:/opt/ros/jazzy/opt/gz_cmake_vendor:/opt/ros/jazzy DEBUGINFOD_URLS=https://debuginfod.ubuntu.com LD_LIBRARY_PATH=/home/martijn/manipulator_assisted_landing/install/feetech_cpp_lib/lib:${LD_LIBRARY_PATH} /usr/bin/cmake /home/martijn/manipulator_assisted_landing/src/feetech_ros2_driver/feetech_ros2 -DCMAKE_INSTALL_PREFIX=/home/martijn/manipulator_assisted_landing/install/feetech_ros2
[6.142s] DEBUG:colcon.colcon_core.event_handler.log_command:Invoking command in '/home/martijn/manipulator_assisted_landing/build/feetech_ros2': AMENT_PREFIX_PATH=/home/martijn/manipulator_assisted_landing/install/feetech_cpp_lib:${AMENT_PREFIX_PATH} CMAKE_PREFIX_PATH=/home/martijn/manipulator_assisted_landing/install/feetech_cpp_lib:/opt/ros/jazzy/opt/gz_sim_vendor:/opt/ros/jazzy/opt/gz_sensors_vendor:/opt/ros/jazzy/opt/gz_physics_vendor:/opt/ros/jazzy/opt/sdformat_vendor:/opt/ros/jazzy/opt/gz_gui_vendor:/opt/ros/jazzy/opt/gz_transport_vendor:/opt/ros/jazzy/opt/gz_rendering_vendor:/opt/ros/jazzy/opt/gz_plugin_vendor:/opt/ros/jazzy/opt/gz_fuel_tools_vendor:/opt/ros/jazzy/opt/gz_msgs_vendor:/opt/ros/jazzy/opt/gz_common_vendor:/opt/ros/jazzy/opt/gz_math_vendor:/opt/ros/jazzy/opt/gz_utils_vendor:/opt/ros/jazzy/opt/gz_tools_vendor:/opt/ros/jazzy/opt/gz_ogre_next_vendor:/opt/ros/jazzy/opt/gz_dartsim_vendor:/opt/ros/jazzy/opt/gz_cmake_vendor:/opt/ros/jazzy DEBUGINFOD_URLS=https://debuginfod.ubuntu.com LD_LIBRARY_PATH=/home/martijn/manipulator_assisted_landing/install/feetech_cpp_lib/lib:${LD_LIBRARY_PATH} /usr/bin/cmake --build /home/martijn/manipulator_assisted_landing/build/feetech_ros2 -- -j20 -l20
[14.071s] DEBUG:colcon.colcon_core.event_handler.log_command:Invoked command in '/home/martijn/manipulator_assisted_landing/build/feetech_ros2' returned '0': AMENT_PREFIX_PATH=/home/martijn/manipulator_assisted_landing/install/feetech_cpp_lib:${AMENT_PREFIX_PATH} CMAKE_PREFIX_PATH=/home/martijn/manipulator_assisted_landing/install/feetech_cpp_lib:/opt/ros/jazzy/opt/gz_sim_vendor:/opt/ros/jazzy/opt/gz_sensors_vendor:/opt/ros/jazzy/opt/gz_physics_vendor:/opt/ros/jazzy/opt/sdformat_vendor:/opt/ros/jazzy/opt/gz_gui_vendor:/opt/ros/jazzy/opt/gz_transport_vendor:/opt/ros/jazzy/opt/gz_rendering_vendor:/opt/ros/jazzy/opt/gz_plugin_vendor:/opt/ros/jazzy/opt/gz_fuel_tools_vendor:/opt/ros/jazzy/opt/gz_msgs_vendor:/opt/ros/jazzy/opt/gz_common_vendor:/opt/ros/jazzy/opt/gz_math_vendor:/opt/ros/jazzy/opt/gz_utils_vendor:/opt/ros/jazzy/opt/gz_tools_vendor:/opt/ros/jazzy/opt/gz_ogre_next_vendor:/opt/ros/jazzy/opt/gz_dartsim_vendor:/opt/ros/jazzy/opt/gz_cmake_vendor:/opt/ros/jazzy DEBUGINFOD_URLS=https://debuginfod.ubuntu.com LD_LIBRARY_PATH=/home/martijn/manipulator_assisted_landing/install/feetech_cpp_lib/lib:${LD_LIBRARY_PATH} /usr/bin/cmake --build /home/martijn/manipulator_assisted_landing/build/feetech_ros2 -- -j20 -l20
[14.072s] DEBUG:colcon.colcon_core.event_handler.log_command:Invoking command in '/home/martijn/manipulator_assisted_landing/build/feetech_ros2': AMENT_PREFIX_PATH=/home/martijn/manipulator_assisted_landing/install/feetech_cpp_lib:${AMENT_PREFIX_PATH} CMAKE_PREFIX_PATH=/home/martijn/manipulator_assisted_landing/install/feetech_cpp_lib:/opt/ros/jazzy/opt/gz_sim_vendor:/opt/ros/jazzy/opt/gz_sensors_vendor:/opt/ros/jazzy/opt/gz_physics_vendor:/opt/ros/jazzy/opt/sdformat_vendor:/opt/ros/jazzy/opt/gz_gui_vendor:/opt/ros/jazzy/opt/gz_transport_vendor:/opt/ros/jazzy/opt/gz_rendering_vendor:/opt/ros/jazzy/opt/gz_plugin_vendor:/opt/ros/jazzy/opt/gz_fuel_tools_vendor:/opt/ros/jazzy/opt/gz_msgs_vendor:/opt/ros/jazzy/opt/gz_common_vendor:/opt/ros/jazzy/opt/gz_math_vendor:/opt/ros/jazzy/opt/gz_utils_vendor:/opt/ros/jazzy/opt/gz_tools_vendor:/opt/ros/jazzy/opt/gz_ogre_next_vendor:/opt/ros/jazzy/opt/gz_dartsim_vendor:/opt/ros/jazzy/opt/gz_cmake_vendor:/opt/ros/jazzy DEBUGINFOD_URLS=https://debuginfod.ubuntu.com LD_LIBRARY_PATH=/home/martijn/manipulator_assisted_landing/install/feetech_cpp_lib/lib:${LD_LIBRARY_PATH} /usr/bin/cmake --install /home/martijn/manipulator_assisted_landing/build/feetech_ros2
[14.125s] Level 1:colcon.colcon_core.environment:create_environment_scripts_only(feetech_ros2)
[14.125s] DEBUG:colcon.colcon_core.event_handler.log_command:Invoked command in '/home/martijn/manipulator_assisted_landing/build/feetech_ros2' returned '0': AMENT_PREFIX_PATH=/home/martijn/manipulator_assisted_landing/install/feetech_cpp_lib:${AMENT_PREFIX_PATH} CMAKE_PREFIX_PATH=/home/martijn/manipulator_assisted_landing/install/feetech_cpp_lib:/opt/ros/jazzy/opt/gz_sim_vendor:/opt/ros/jazzy/opt/gz_sensors_vendor:/opt/ros/jazzy/opt/gz_physics_vendor:/opt/ros/jazzy/opt/sdformat_vendor:/opt/ros/jazzy/opt/gz_gui_vendor:/opt/ros/jazzy/opt/gz_transport_vendor:/opt/ros/jazzy/opt/gz_rendering_vendor:/opt/ros/jazzy/opt/gz_plugin_vendor:/opt/ros/jazzy/opt/gz_fuel_tools_vendor:/opt/ros/jazzy/opt/gz_msgs_vendor:/opt/ros/jazzy/opt/gz_common_vendor:/opt/ros/jazzy/opt/gz_math_vendor:/opt/ros/jazzy/opt/gz_utils_vendor:/opt/ros/jazzy/opt/gz_tools_vendor:/opt/ros/jazzy/opt/gz_ogre_next_vendor:/opt/ros/jazzy/opt/gz_dartsim_vendor:/opt/ros/jazzy/opt/gz_cmake_vendor:/opt/ros/jazzy DEBUGINFOD_URLS=https://debuginfod.ubuntu.com LD_LIBRARY_PATH=/home/martijn/manipulator_assisted_landing/install/feetech_cpp_lib/lib:${LD_LIBRARY_PATH} /usr/bin/cmake --install /home/martijn/manipulator_assisted_landing/build/feetech_ros2
[14.126s] Level 1:colcon.colcon_core.environment:checking '/home/martijn/manipulator_assisted_landing/install/feetech_ros2' for CMake module files
[14.126s] Level 1:colcon.colcon_core.environment:checking '/home/martijn/manipulator_assisted_landing/install/feetech_ros2' for CMake config files
[14.126s] Level 1:colcon.colcon_core.shell:create_environment_hook('feetech_ros2', 'cmake_prefix_path')
[14.126s] INFO:colcon.colcon_core.shell:Creating environment descriptor '/home/martijn/manipulator_assisted_landing/install/feetech_ros2/share/feetech_ros2/hook/cmake_prefix_path.dsv'
[14.127s] INFO:colcon.colcon_core.shell:Creating environment hook '/home/martijn/manipulator_assisted_landing/install/feetech_ros2/share/feetech_ros2/hook/cmake_prefix_path.sh'
[14.127s] Level 1:colcon.colcon_core.environment:checking '/home/martijn/manipulator_assisted_landing/install/feetech_ros2/lib'
[14.127s] Level 1:colcon.colcon_core.shell:create_environment_hook('feetech_ros2', 'ld_library_path_lib')
[14.127s] INFO:colcon.colcon_core.shell:Creating environment descriptor '/home/martijn/manipulator_assisted_landing/install/feetech_ros2/share/feetech_ros2/hook/ld_library_path_lib.dsv'
[14.127s] INFO:colcon.colcon_core.shell:Creating environment hook '/home/martijn/manipulator_assisted_landing/install/feetech_ros2/share/feetech_ros2/hook/ld_library_path_lib.sh'
[14.127s] Level 1:colcon.colcon_core.environment:checking '/home/martijn/manipulator_assisted_landing/install/feetech_ros2/bin'
[14.127s] Level 1:colcon.colcon_core.environment:checking '/home/martijn/manipulator_assisted_landing/install/feetech_ros2/lib/pkgconfig/feetech_ros2.pc'
[14.128s] Level 1:colcon.colcon_core.environment:checking '/home/martijn/manipulator_assisted_landing/install/feetech_ros2/lib/python3.12/site-packages'
[14.128s] Level 1:colcon.colcon_core.shell:create_environment_hook('feetech_ros2', 'pythonpath')
[14.128s] INFO:colcon.colcon_core.shell:Creating environment descriptor '/home/martijn/manipulator_assisted_landing/install/feetech_ros2/share/feetech_ros2/hook/pythonpath.dsv'
[14.128s] INFO:colcon.colcon_core.shell:Creating environment hook '/home/martijn/manipulator_assisted_landing/install/feetech_ros2/share/feetech_ros2/hook/pythonpath.sh'
[14.128s] Level 1:colcon.colcon_core.environment:checking '/home/martijn/manipulator_assisted_landing/install/feetech_ros2/bin'
[14.128s] INFO:colcon.colcon_core.shell:Creating package descriptor '/home/martijn/manipulator_assisted_landing/install/feetech_ros2/share/feetech_ros2/package.dsv'
[14.129s] INFO:colcon.colcon_core.shell:Creating package script '/home/martijn/manipulator_assisted_landing/install/feetech_ros2/share/feetech_ros2/package.sh'
[14.129s] INFO:colcon.colcon_core.shell:Creating package script '/home/martijn/manipulator_assisted_landing/install/feetech_ros2/share/feetech_ros2/package.bash'
[14.129s] INFO:colcon.colcon_core.shell:Creating package script '/home/martijn/manipulator_assisted_landing/install/feetech_ros2/share/feetech_ros2/package.zsh'
[14.129s] Level 1:colcon.colcon_core.environment:create_file_with_runtime_dependencies(/home/martijn/manipulator_assisted_landing/install/feetech_ros2/share/colcon-core/packages/feetech_ros2)
[14.129s] Level 1:colcon.colcon_core.environment:create_environment_scripts_only(feetech_ros2)
[14.130s] Level 1:colcon.colcon_core.environment:checking '/home/martijn/manipulator_assisted_landing/install/feetech_ros2' for CMake module files
[14.130s] Level 1:colcon.colcon_core.environment:checking '/home/martijn/manipulator_assisted_landing/install/feetech_ros2' for CMake config files
[14.130s] Level 1:colcon.colcon_core.shell:create_environment_hook('feetech_ros2', 'cmake_prefix_path')
[14.130s] INFO:colcon.colcon_core.shell:Creating environment descriptor '/home/martijn/manipulator_assisted_landing/install/feetech_ros2/share/feetech_ros2/hook/cmake_prefix_path.dsv'
[14.130s] INFO:colcon.colcon_core.shell:Creating environment hook '/home/martijn/manipulator_assisted_landing/install/feetech_ros2/share/feetech_ros2/hook/cmake_prefix_path.sh'
[14.131s] Level 1:colcon.colcon_core.environment:checking '/home/martijn/manipulator_assisted_landing/install/feetech_ros2/lib'
[14.131s] Level 1:colcon.colcon_core.shell:create_environment_hook('feetech_ros2', 'ld_library_path_lib')
[14.131s] INFO:colcon.colcon_core.shell:Creating environment descriptor '/home/martijn/manipulator_assisted_landing/install/feetech_ros2/share/feetech_ros2/hook/ld_library_path_lib.dsv'
[14.131s] INFO:colcon.colcon_core.shell:Creating environment hook '/home/martijn/manipulator_assisted_landing/install/feetech_ros2/share/feetech_ros2/hook/ld_library_path_lib.sh'
[14.131s] Level 1:colcon.colcon_core.environment:checking '/home/martijn/manipulator_assisted_landing/install/feetech_ros2/bin'
[14.131s] Level 1:colcon.colcon_core.environment:checking '/home/martijn/manipulator_assisted_landing/install/feetech_ros2/lib/pkgconfig/feetech_ros2.pc'
[14.131s] Level 1:colcon.colcon_core.environment:checking '/home/martijn/manipulator_assisted_landing/install/feetech_ros2/lib/python3.12/site-packages'
[14.132s] Level 1:colcon.colcon_core.shell:create_environment_hook('feetech_ros2', 'pythonpath')
[14.132s] INFO:colcon.colcon_core.shell:Creating environment descriptor '/home/martijn/manipulator_assisted_landing/install/feetech_ros2/share/feetech_ros2/hook/pythonpath.dsv'
[14.132s] INFO:colcon.colcon_core.shell:Creating environment hook '/home/martijn/manipulator_assisted_landing/install/feetech_ros2/share/feetech_ros2/hook/pythonpath.sh'
[14.132s] Level 1:colcon.colcon_core.environment:checking '/home/martijn/manipulator_assisted_landing/install/feetech_ros2/bin'
[14.132s] INFO:colcon.colcon_core.shell:Creating package descriptor '/home/martijn/manipulator_assisted_landing/install/feetech_ros2/share/feetech_ros2/package.dsv'
[14.132s] INFO:colcon.colcon_core.shell:Creating package script '/home/martijn/manipulator_assisted_landing/install/feetech_ros2/share/feetech_ros2/package.sh'
[14.133s] INFO:colcon.colcon_core.shell:Creating package script '/home/martijn/manipulator_assisted_landing/install/feetech_ros2/share/feetech_ros2/package.bash'
[14.133s] INFO:colcon.colcon_core.shell:Creating package script '/home/martijn/manipulator_assisted_landing/install/feetech_ros2/share/feetech_ros2/package.zsh'
[14.133s] Level 1:colcon.colcon_core.environment:create_file_with_runtime_dependencies(/home/martijn/manipulator_assisted_landing/install/feetech_ros2/share/colcon-core/packages/feetech_ros2)
[130.025s] DEBUG:colcon.colcon_core.event_handler.log_command:Invoked command in '/home/martijn/manipulator_assisted_landing/build/px4_msgs' returned '0': CMAKE_PREFIX_PATH=${CMAKE_PREFIX_PATH}:/opt/ros/jazzy DEBUGINFOD_URLS=https://debuginfod.ubuntu.com /usr/bin/cmake --build /home/martijn/manipulator_assisted_landing/build/px4_msgs -- -j20 -l20
[130.026s] DEBUG:colcon.colcon_core.event_handler.log_command:Invoking command in '/home/martijn/manipulator_assisted_landing/build/px4_msgs': CMAKE_PREFIX_PATH=${CMAKE_PREFIX_PATH}:/opt/ros/jazzy DEBUGINFOD_URLS=https://debuginfod.ubuntu.com /usr/bin/cmake --install /home/martijn/manipulator_assisted_landing/build/px4_msgs
[130.863s] Level 1:colcon.colcon_core.environment:create_environment_scripts_only(px4_msgs)
[130.863s] Level 1:colcon.colcon_core.environment:checking '/home/martijn/manipulator_assisted_landing/install/px4_msgs' for CMake module files
[130.863s] DEBUG:colcon.colcon_core.event_handler.log_command:Invoked command in '/home/martijn/manipulator_assisted_landing/build/px4_msgs' returned '0': CMAKE_PREFIX_PATH=${CMAKE_PREFIX_PATH}:/opt/ros/jazzy DEBUGINFOD_URLS=https://debuginfod.ubuntu.com /usr/bin/cmake --install /home/martijn/manipulator_assisted_landing/build/px4_msgs
[130.864s] Level 1:colcon.colcon_core.environment:checking '/home/martijn/manipulator_assisted_landing/install/px4_msgs' for CMake config files
[130.865s] Level 1:colcon.colcon_core.shell:create_environment_hook('px4_msgs', 'cmake_prefix_path')
[130.865s] INFO:colcon.colcon_core.shell:Creating environment descriptor '/home/martijn/manipulator_assisted_landing/install/px4_msgs/share/px4_msgs/hook/cmake_prefix_path.dsv'
[130.866s] INFO:colcon.colcon_core.shell:Creating environment hook '/home/martijn/manipulator_assisted_landing/install/px4_msgs/share/px4_msgs/hook/cmake_prefix_path.sh'
[130.866s] Level 1:colcon.colcon_core.environment:checking '/home/martijn/manipulator_assisted_landing/install/px4_msgs/lib'
[130.867s] Level 1:colcon.colcon_core.shell:create_environment_hook('px4_msgs', 'ld_library_path_lib')
[130.867s] INFO:colcon.colcon_core.shell:Creating environment descriptor '/home/martijn/manipulator_assisted_landing/install/px4_msgs/share/px4_msgs/hook/ld_library_path_lib.dsv'
[130.867s] INFO:colcon.colcon_core.shell:Creating environment hook '/home/martijn/manipulator_assisted_landing/install/px4_msgs/share/px4_msgs/hook/ld_library_path_lib.sh'
[130.867s] Level 1:colcon.colcon_core.environment:checking '/home/martijn/manipulator_assisted_landing/install/px4_msgs/bin'
[130.868s] Level 1:colcon.colcon_core.environment:checking '/home/martijn/manipulator_assisted_landing/install/px4_msgs/lib/pkgconfig/px4_msgs.pc'
[130.868s] Level 1:colcon.colcon_core.environment:checking '/home/martijn/manipulator_assisted_landing/install/px4_msgs/lib/python3.12/site-packages'
[130.868s] Level 1:colcon.colcon_core.shell:create_environment_hook('px4_msgs', 'pythonpath')
[130.868s] INFO:colcon.colcon_core.shell:Creating environment descriptor '/home/martijn/manipulator_assisted_landing/install/px4_msgs/share/px4_msgs/hook/pythonpath.dsv'
[130.869s] INFO:colcon.colcon_core.shell:Creating environment hook '/home/martijn/manipulator_assisted_landing/install/px4_msgs/share/px4_msgs/hook/pythonpath.sh'
[130.869s] Level 1:colcon.colcon_core.environment:checking '/home/martijn/manipulator_assisted_landing/install/px4_msgs/bin'
[130.869s] INFO:colcon.colcon_core.shell:Creating package descriptor '/home/martijn/manipulator_assisted_landing/install/px4_msgs/share/px4_msgs/package.dsv'
[130.869s] INFO:colcon.colcon_core.shell:Creating package script '/home/martijn/manipulator_assisted_landing/install/px4_msgs/share/px4_msgs/package.sh'
[130.870s] INFO:colcon.colcon_core.shell:Creating package script '/home/martijn/manipulator_assisted_landing/install/px4_msgs/share/px4_msgs/package.bash'
[130.870s] INFO:colcon.colcon_core.shell:Creating package script '/home/martijn/manipulator_assisted_landing/install/px4_msgs/share/px4_msgs/package.zsh'
[130.870s] Level 1:colcon.colcon_core.environment:create_file_with_runtime_dependencies(/home/martijn/manipulator_assisted_landing/install/px4_msgs/share/colcon-core/packages/px4_msgs)
[130.870s] Level 1:colcon.colcon_core.environment:create_environment_scripts_only(px4_msgs)
[130.870s] Level 1:colcon.colcon_core.environment:checking '/home/martijn/manipulator_assisted_landing/install/px4_msgs' for CMake module files
[130.871s] Level 1:colcon.colcon_core.environment:checking '/home/martijn/manipulator_assisted_landing/install/px4_msgs' for CMake config files
[130.871s] Level 1:colcon.colcon_core.shell:create_environment_hook('px4_msgs', 'cmake_prefix_path')
[130.872s] INFO:colcon.colcon_core.shell:Creating environment descriptor '/home/martijn/manipulator_assisted_landing/install/px4_msgs/share/px4_msgs/hook/cmake_prefix_path.dsv'
[130.872s] INFO:colcon.colcon_core.shell:Creating environment hook '/home/martijn/manipulator_assisted_landing/install/px4_msgs/share/px4_msgs/hook/cmake_prefix_path.sh'
[130.872s] Level 1:colcon.colcon_core.environment:checking '/home/martijn/manipulator_assisted_landing/install/px4_msgs/lib'
[130.872s] Level 1:colcon.colcon_core.shell:create_environment_hook('px4_msgs', 'ld_library_path_lib')
[130.872s] INFO:colcon.colcon_core.shell:Creating environment descriptor '/home/martijn/manipulator_assisted_landing/install/px4_msgs/share/px4_msgs/hook/ld_library_path_lib.dsv'
[130.872s] INFO:colcon.colcon_core.shell:Creating environment hook '/home/martijn/manipulator_assisted_landing/install/px4_msgs/share/px4_msgs/hook/ld_library_path_lib.sh'
[130.873s] Level 1:colcon.colcon_core.environment:checking '/home/martijn/manipulator_assisted_landing/install/px4_msgs/bin'
[130.873s] Level 1:colcon.colcon_core.environment:checking '/home/martijn/manipulator_assisted_landing/install/px4_msgs/lib/pkgconfig/px4_msgs.pc'
[130.873s] Level 1:colcon.colcon_core.environment:checking '/home/martijn/manipulator_assisted_landing/install/px4_msgs/lib/python3.12/site-packages'
[130.873s] Level 1:colcon.colcon_core.shell:create_environment_hook('px4_msgs', 'pythonpath')
[130.873s] INFO:colcon.colcon_core.shell:Creating environment descriptor '/home/martijn/manipulator_assisted_landing/install/px4_msgs/share/px4_msgs/hook/pythonpath.dsv'
[130.873s] INFO:colcon.colcon_core.shell:Creating environment hook '/home/martijn/manipulator_assisted_landing/install/px4_msgs/share/px4_msgs/hook/pythonpath.sh'
[130.873s] Level 1:colcon.colcon_core.environment:checking '/home/martijn/manipulator_assisted_landing/install/px4_msgs/bin'
[130.874s] INFO:colcon.colcon_core.shell:Creating package descriptor '/home/martijn/manipulator_assisted_landing/install/px4_msgs/share/px4_msgs/package.dsv'
[130.877s] INFO:colcon.colcon_core.shell:Creating package script '/home/martijn/manipulator_assisted_landing/install/px4_msgs/share/px4_msgs/package.sh'
[130.877s] INFO:colcon.colcon_core.shell:Creating package script '/home/martijn/manipulator_assisted_landing/install/px4_msgs/share/px4_msgs/package.bash'
[130.877s] INFO:colcon.colcon_core.shell:Creating package script '/home/martijn/manipulator_assisted_landing/install/px4_msgs/share/px4_msgs/package.zsh'
[130.877s] Level 1:colcon.colcon_core.environment:create_file_with_runtime_dependencies(/home/martijn/manipulator_assisted_landing/install/px4_msgs/share/colcon-core/packages/px4_msgs)
[130.877s] INFO:colcon.colcon_ros.task.ament_cmake.build:Building ROS package in '/home/martijn/manipulator_assisted_landing/src/px4_uam_sim' with build type 'ament_cmake'
[130.877s] INFO:colcon.colcon_cmake.task.cmake.build:Building CMake package in '/home/martijn/manipulator_assisted_landing/src/px4_uam_sim'
[130.877s] DEBUG:colcon.colcon_core.shell:Skip shell extension 'dsv' for command environment
[130.889s] DEBUG:colcon.colcon_core.event_handler.log_command:Invoking command in '/home/martijn/manipulator_assisted_landing/build/px4_uam_sim': AMENT_PREFIX_PATH=/home/martijn/manipulator_assisted_landing/install/px4_msgs:${AMENT_PREFIX_PATH} CMAKE_PREFIX_PATH=/home/martijn/manipulator_assisted_landing/install/px4_msgs:/opt/ros/jazzy/opt/gz_sim_vendor:/opt/ros/jazzy/opt/gz_sensors_vendor:/opt/ros/jazzy/opt/gz_physics_vendor:/opt/ros/jazzy/opt/sdformat_vendor:/opt/ros/jazzy/opt/gz_gui_vendor:/opt/ros/jazzy/opt/gz_transport_vendor:/opt/ros/jazzy/opt/gz_rendering_vendor:/opt/ros/jazzy/opt/gz_plugin_vendor:/opt/ros/jazzy/opt/gz_fuel_tools_vendor:/opt/ros/jazzy/opt/gz_msgs_vendor:/opt/ros/jazzy/opt/gz_common_vendor:/opt/ros/jazzy/opt/gz_math_vendor:/opt/ros/jazzy/opt/gz_utils_vendor:/opt/ros/jazzy/opt/gz_tools_vendor:/opt/ros/jazzy/opt/gz_ogre_next_vendor:/opt/ros/jazzy/opt/gz_dartsim_vendor:/opt/ros/jazzy/opt/gz_cmake_vendor:/opt/ros/jazzy DEBUGINFOD_URLS=https://debuginfod.ubuntu.com LD_LIBRARY_PATH=/home/martijn/manipulator_assisted_landing/install/px4_msgs/lib:${LD_LIBRARY_PATH} PYTHONPATH=/home/martijn/manipulator_assisted_landing/install/px4_msgs/lib/python3.12/site-packages:${PYTHONPATH} /usr/bin/cmake /home/martijn/manipulator_assisted_landing/src/px4_uam_sim -DCMAKE_INSTALL_PREFIX=/home/martijn/manipulator_assisted_landing/install/px4_uam_sim
[132.193s] DEBUG:colcon.colcon_core.event_handler.log_command:Invoked command in '/home/martijn/manipulator_assisted_landing/build/px4_uam_sim' returned '0': AMENT_PREFIX_PATH=/home/martijn/manipulator_assisted_landing/install/px4_msgs:${AMENT_PREFIX_PATH} CMAKE_PREFIX_PATH=/home/martijn/manipulator_assisted_landing/install/px4_msgs:/opt/ros/jazzy/opt/gz_sim_vendor:/opt/ros/jazzy/opt/gz_sensors_vendor:/opt/ros/jazzy/opt/gz_physics_vendor:/opt/ros/jazzy/opt/sdformat_vendor:/opt/ros/jazzy/opt/gz_gui_vendor:/opt/ros/jazzy/opt/gz_transport_vendor:/opt/ros/jazzy/opt/gz_rendering_vendor:/opt/ros/jazzy/opt/gz_plugin_vendor:/opt/ros/jazzy/opt/gz_fuel_tools_vendor:/opt/ros/jazzy/opt/gz_msgs_vendor:/opt/ros/jazzy/opt/gz_common_vendor:/opt/ros/jazzy/opt/gz_math_vendor:/opt/ros/jazzy/opt/gz_utils_vendor:/opt/ros/jazzy/opt/gz_tools_vendor:/opt/ros/jazzy/opt/gz_ogre_next_vendor:/opt/ros/jazzy/opt/gz_dartsim_vendor:/opt/ros/jazzy/opt/gz_cmake_vendor:/opt/ros/jazzy DEBUGINFOD_URLS=https://debuginfod.ubuntu.com LD_LIBRARY_PATH=/home/martijn/manipulator_assisted_landing/install/px4_msgs/lib:${LD_LIBRARY_PATH} PYTHONPATH=/home/martijn/manipulator_assisted_landing/install/px4_msgs/lib/python3.12/site-packages:${PYTHONPATH} /usr/bin/cmake /home/martijn/manipulator_assisted_landing/src/px4_uam_sim -DCMAKE_INSTALL_PREFIX=/home/martijn/manipulator_assisted_landing/install/px4_uam_sim
[132.194s] DEBUG:colcon.colcon_core.event_handler.log_command:Invoking command in '/home/martijn/manipulator_assisted_landing/build/px4_uam_sim': AMENT_PREFIX_PATH=/home/martijn/manipulator_assisted_landing/install/px4_msgs:${AMENT_PREFIX_PATH} CMAKE_PREFIX_PATH=/home/martijn/manipulator_assisted_landing/install/px4_msgs:/opt/ros/jazzy/opt/gz_sim_vendor:/opt/ros/jazzy/opt/gz_sensors_vendor:/opt/ros/jazzy/opt/gz_physics_vendor:/opt/ros/jazzy/opt/sdformat_vendor:/opt/ros/jazzy/opt/gz_gui_vendor:/opt/ros/jazzy/opt/gz_transport_vendor:/opt/ros/jazzy/opt/gz_rendering_vendor:/opt/ros/jazzy/opt/gz_plugin_vendor:/opt/ros/jazzy/opt/gz_fuel_tools_vendor:/opt/ros/jazzy/opt/gz_msgs_vendor:/opt/ros/jazzy/opt/gz_common_vendor:/opt/ros/jazzy/opt/gz_math_vendor:/opt/ros/jazzy/opt/gz_utils_vendor:/opt/ros/jazzy/opt/gz_tools_vendor:/opt/ros/jazzy/opt/gz_ogre_next_vendor:/opt/ros/jazzy/opt/gz_dartsim_vendor:/opt/ros/jazzy/opt/gz_cmake_vendor:/opt/ros/jazzy DEBUGINFOD_URLS=https://debuginfod.ubuntu.com LD_LIBRARY_PATH=/home/martijn/manipulator_assisted_landing/install/px4_msgs/lib:${LD_LIBRARY_PATH} PYTHONPATH=/home/martijn/manipulator_assisted_landing/install/px4_msgs/lib/python3.12/site-packages:${PYTHONPATH} /usr/bin/cmake --build /home/martijn/manipulator_assisted_landing/build/px4_uam_sim -- -j20 -l20
[142.334s] DEBUG:colcon.colcon_core.event_handler.log_command:Invoked command in '/home/martijn/manipulator_assisted_landing/build/px4_uam_sim' returned '0': AMENT_PREFIX_PATH=/home/martijn/manipulator_assisted_landing/install/px4_msgs:${AMENT_PREFIX_PATH} CMAKE_PREFIX_PATH=/home/martijn/manipulator_assisted_landing/install/px4_msgs:/opt/ros/jazzy/opt/gz_sim_vendor:/opt/ros/jazzy/opt/gz_sensors_vendor:/opt/ros/jazzy/opt/gz_physics_vendor:/opt/ros/jazzy/opt/sdformat_vendor:/opt/ros/jazzy/opt/gz_gui_vendor:/opt/ros/jazzy/opt/gz_transport_vendor:/opt/ros/jazzy/opt/gz_rendering_vendor:/opt/ros/jazzy/opt/gz_plugin_vendor:/opt/ros/jazzy/opt/gz_fuel_tools_vendor:/opt/ros/jazzy/opt/gz_msgs_vendor:/opt/ros/jazzy/opt/gz_common_vendor:/opt/ros/jazzy/opt/gz_math_vendor:/opt/ros/jazzy/opt/gz_utils_vendor:/opt/ros/jazzy/opt/gz_tools_vendor:/opt/ros/jazzy/opt/gz_ogre_next_vendor:/opt/ros/jazzy/opt/gz_dartsim_vendor:/opt/ros/jazzy/opt/gz_cmake_vendor:/opt/ros/jazzy DEBUGINFOD_URLS=https://debuginfod.ubuntu.com LD_LIBRARY_PATH=/home/martijn/manipulator_assisted_landing/install/px4_msgs/lib:${LD_LIBRARY_PATH} PYTHONPATH=/home/martijn/manipulator_assisted_landing/install/px4_msgs/lib/python3.12/site-packages:${PYTHONPATH} /usr/bin/cmake --build /home/martijn/manipulator_assisted_landing/build/px4_uam_sim -- -j20 -l20
[142.336s] DEBUG:colcon.colcon_core.event_handler.log_command:Invoking command in '/home/martijn/manipulator_assisted_landing/build/px4_uam_sim': AMENT_PREFIX_PATH=/home/martijn/manipulator_assisted_landing/install/px4_msgs:${AMENT_PREFIX_PATH} CMAKE_PREFIX_PATH=/home/martijn/manipulator_assisted_landing/install/px4_msgs:/opt/ros/jazzy/opt/gz_sim_vendor:/opt/ros/jazzy/opt/gz_sensors_vendor:/opt/ros/jazzy/opt/gz_physics_vendor:/opt/ros/jazzy/opt/sdformat_vendor:/opt/ros/jazzy/opt/gz_gui_vendor:/opt/ros/jazzy/opt/gz_transport_vendor:/opt/ros/jazzy/opt/gz_rendering_vendor:/opt/ros/jazzy/opt/gz_plugin_vendor:/opt/ros/jazzy/opt/gz_fuel_tools_vendor:/opt/ros/jazzy/opt/gz_msgs_vendor:/opt/ros/jazzy/opt/gz_common_vendor:/opt/ros/jazzy/opt/gz_math_vendor:/opt/ros/jazzy/opt/gz_utils_vendor:/opt/ros/jazzy/opt/gz_tools_vendor:/opt/ros/jazzy/opt/gz_ogre_next_vendor:/opt/ros/jazzy/opt/gz_dartsim_vendor:/opt/ros/jazzy/opt/gz_cmake_vendor:/opt/ros/jazzy DEBUGINFOD_URLS=https://debuginfod.ubuntu.com LD_LIBRARY_PATH=/home/martijn/manipulator_assisted_landing/install/px4_msgs/lib:${LD_LIBRARY_PATH} PYTHONPATH=/home/martijn/manipulator_assisted_landing/install/px4_msgs/lib/python3.12/site-packages:${PYTHONPATH} /usr/bin/cmake --install /home/martijn/manipulator_assisted_landing/build/px4_uam_sim
[142.364s] Level 1:colcon.colcon_core.environment:create_environment_scripts_only(px4_uam_sim)
[142.364s] Level 1:colcon.colcon_core.environment:checking '/home/martijn/manipulator_assisted_landing/install/px4_uam_sim' for CMake module files
[142.365s] DEBUG:colcon.colcon_core.event_handler.log_command:Invoked command in '/home/martijn/manipulator_assisted_landing/build/px4_uam_sim' returned '0': AMENT_PREFIX_PATH=/home/martijn/manipulator_assisted_landing/install/px4_msgs:${AMENT_PREFIX_PATH} CMAKE_PREFIX_PATH=/home/martijn/manipulator_assisted_landing/install/px4_msgs:/opt/ros/jazzy/opt/gz_sim_vendor:/opt/ros/jazzy/opt/gz_sensors_vendor:/opt/ros/jazzy/opt/gz_physics_vendor:/opt/ros/jazzy/opt/sdformat_vendor:/opt/ros/jazzy/opt/gz_gui_vendor:/opt/ros/jazzy/opt/gz_transport_vendor:/opt/ros/jazzy/opt/gz_rendering_vendor:/opt/ros/jazzy/opt/gz_plugin_vendor:/opt/ros/jazzy/opt/gz_fuel_tools_vendor:/opt/ros/jazzy/opt/gz_msgs_vendor:/opt/ros/jazzy/opt/gz_common_vendor:/opt/ros/jazzy/opt/gz_math_vendor:/opt/ros/jazzy/opt/gz_utils_vendor:/opt/ros/jazzy/opt/gz_tools_vendor:/opt/ros/jazzy/opt/gz_ogre_next_vendor:/opt/ros/jazzy/opt/gz_dartsim_vendor:/opt/ros/jazzy/opt/gz_cmake_vendor:/opt/ros/jazzy DEBUGINFOD_URLS=https://debuginfod.ubuntu.com LD_LIBRARY_PATH=/home/martijn/manipulator_assisted_landing/install/px4_msgs/lib:${LD_LIBRARY_PATH} PYTHONPATH=/home/martijn/manipulator_assisted_landing/install/px4_msgs/lib/python3.12/site-packages:${PYTHONPATH} /usr/bin/cmake --install /home/martijn/manipulator_assisted_landing/build/px4_uam_sim
[142.365s] Level 1:colcon.colcon_core.environment:checking '/home/martijn/manipulator_assisted_landing/install/px4_uam_sim' for CMake config files
[142.365s] Level 1:colcon.colcon_core.shell:create_environment_hook('px4_uam_sim', 'cmake_prefix_path')
[142.365s] INFO:colcon.colcon_core.shell:Creating environment descriptor '/home/martijn/manipulator_assisted_landing/install/px4_uam_sim/share/px4_uam_sim/hook/cmake_prefix_path.dsv'
[142.365s] INFO:colcon.colcon_core.shell:Creating environment hook '/home/martijn/manipulator_assisted_landing/install/px4_uam_sim/share/px4_uam_sim/hook/cmake_prefix_path.sh'
[142.366s] Level 1:colcon.colcon_core.environment:checking '/home/martijn/manipulator_assisted_landing/install/px4_uam_sim/lib'
[142.366s] Level 1:colcon.colcon_core.environment:checking '/home/martijn/manipulator_assisted_landing/install/px4_uam_sim/bin'
[142.366s] Level 1:colcon.colcon_core.environment:checking '/home/martijn/manipulator_assisted_landing/install/px4_uam_sim/lib/pkgconfig/px4_uam_sim.pc'
[142.366s] Level 1:colcon.colcon_core.environment:checking '/home/martijn/manipulator_assisted_landing/install/px4_uam_sim/lib/python3.12/site-packages'
[142.366s] Level 1:colcon.colcon_core.environment:checking '/home/martijn/manipulator_assisted_landing/install/px4_uam_sim/bin'
[142.366s] INFO:colcon.colcon_core.shell:Creating package descriptor '/home/martijn/manipulator_assisted_landing/install/px4_uam_sim/share/px4_uam_sim/package.dsv'
[142.367s] INFO:colcon.colcon_core.shell:Creating package script '/home/martijn/manipulator_assisted_landing/install/px4_uam_sim/share/px4_uam_sim/package.sh'
[142.367s] INFO:colcon.colcon_core.shell:Creating package script '/home/martijn/manipulator_assisted_landing/install/px4_uam_sim/share/px4_uam_sim/package.bash'
[142.367s] INFO:colcon.colcon_core.shell:Creating package script '/home/martijn/manipulator_assisted_landing/install/px4_uam_sim/share/px4_uam_sim/package.zsh'
[142.367s] Level 1:colcon.colcon_core.environment:create_file_with_runtime_dependencies(/home/martijn/manipulator_assisted_landing/install/px4_uam_sim/share/colcon-core/packages/px4_uam_sim)
[142.368s] Level 1:colcon.colcon_core.environment:create_environment_scripts_only(px4_uam_sim)
[142.368s] Level 1:colcon.colcon_core.environment:checking '/home/martijn/manipulator_assisted_landing/install/px4_uam_sim' for CMake module files
[142.368s] Level 1:colcon.colcon_core.environment:checking '/home/martijn/manipulator_assisted_landing/install/px4_uam_sim' for CMake config files
[142.368s] Level 1:colcon.colcon_core.shell:create_environment_hook('px4_uam_sim', 'cmake_prefix_path')
[142.368s] INFO:colcon.colcon_core.shell:Creating environment descriptor '/home/martijn/manipulator_assisted_landing/install/px4_uam_sim/share/px4_uam_sim/hook/cmake_prefix_path.dsv'
[142.369s] INFO:colcon.colcon_core.shell:Creating environment hook '/home/martijn/manipulator_assisted_landing/install/px4_uam_sim/share/px4_uam_sim/hook/cmake_prefix_path.sh'
[142.369s] Level 1:colcon.colcon_core.environment:checking '/home/martijn/manipulator_assisted_landing/install/px4_uam_sim/lib'
[142.369s] Level 1:colcon.colcon_core.environment:checking '/home/martijn/manipulator_assisted_landing/install/px4_uam_sim/bin'
[142.369s] Level 1:colcon.colcon_core.environment:checking '/home/martijn/manipulator_assisted_landing/install/px4_uam_sim/lib/pkgconfig/px4_uam_sim.pc'
[142.369s] Level 1:colcon.colcon_core.environment:checking '/home/martijn/manipulator_assisted_landing/install/px4_uam_sim/lib/python3.12/site-packages'
[142.369s] Level 1:colcon.colcon_core.environment:checking '/home/martijn/manipulator_assisted_landing/install/px4_uam_sim/bin'
[142.370s] INFO:colcon.colcon_core.shell:Creating package descriptor '/home/martijn/manipulator_assisted_landing/install/px4_uam_sim/share/px4_uam_sim/package.dsv'
[142.370s] INFO:colcon.colcon_core.shell:Creating package script '/home/martijn/manipulator_assisted_landing/install/px4_uam_sim/share/px4_uam_sim/package.sh'
[142.370s] INFO:colcon.colcon_core.shell:Creating package script '/home/martijn/manipulator_assisted_landing/install/px4_uam_sim/share/px4_uam_sim/package.bash'
[142.371s] INFO:colcon.colcon_core.shell:Creating package script '/home/martijn/manipulator_assisted_landing/install/px4_uam_sim/share/px4_uam_sim/package.zsh'
[142.371s] Level 1:colcon.colcon_core.environment:create_file_with_runtime_dependencies(/home/martijn/manipulator_assisted_landing/install/px4_uam_sim/share/colcon-core/packages/px4_uam_sim)
[142.371s] DEBUG:colcon.colcon_parallel_executor.executor.parallel:closing loop
[142.371s] DEBUG:colcon.colcon_parallel_executor.executor.parallel:loop closed
[142.372s] DEBUG:colcon.colcon_parallel_executor.executor.parallel:run_until_complete finished with '0'
[142.372s] DEBUG:colcon.colcon_core.event_reactor:joining thread
[142.379s] INFO:colcon.colcon_core.plugin_system:Skipping extension 'colcon_notification.desktop_notification.terminal_notifier': Not used on non-Darwin systems
[142.379s] INFO:colcon.colcon_core.plugin_system:Skipping extension 'colcon_notification.desktop_notification.win32': Not used on non-Windows systems
[142.379s] INFO:colcon.colcon_notification.desktop_notification:Sending desktop notification using 'notify2'
[142.393s] DEBUG:colcon.colcon_core.event_reactor:joined thread
[142.393s] INFO:colcon.colcon_core.shell:Creating prefix script '/home/martijn/manipulator_assisted_landing/install/local_setup.sh'
[142.394s] INFO:colcon.colcon_core.shell:Creating prefix util module '/home/martijn/manipulator_assisted_landing/install/_local_setup_util_sh.py'
[142.395s] INFO:colcon.colcon_core.shell:Creating prefix chain script '/home/martijn/manipulator_assisted_landing/install/setup.sh'
[142.399s] INFO:colcon.colcon_core.shell:Creating prefix script '/home/martijn/manipulator_assisted_landing/install/local_setup.bash'
[142.400s] INFO:colcon.colcon_core.shell:Creating prefix chain script '/home/martijn/manipulator_assisted_landing/install/setup.bash'
[142.408s] INFO:colcon.colcon_core.shell:Creating prefix script '/home/martijn/manipulator_assisted_landing/install/local_setup.zsh'
[142.409s] INFO:colcon.colcon_core.shell:Creating prefix chain script '/home/martijn/manipulator_assisted_landing/install/setup.zsh'
