-- The C compiler identification is GNU 13.3.0
-- The CXX compiler identification is GNU 13.3.0
-- Detecting C compiler ABI info
-- Detecting C compiler ABI info - done
-- Check for working C compiler: /usr/bin/cc - skipped
-- Detecting C compile features
-- Detecting C compile features - done
-- Detecting CXX compiler ABI info
-- Detecting CXX compiler ABI info - done
-- Check for working CXX compiler: /usr/bin/c++ - skipped
-- Detecting CXX compile features
-- Detecting CXX compile features - done
-- Found ament_cmake: 2.5.4 (/opt/ros/jazzy/share/ament_cmake/cmake)
-- Found Python3: /usr/bin/python3 (found version "3.12.3") found components: Interpreter 
-- Found rclcpp: 28.1.9 (/opt/ros/jazzy/share/rclcpp/cmake)
-- Found rosidl_generator_c: 4.6.5 (/opt/ros/jazzy/share/rosidl_generator_c/cmake)
-- Found rosidl_generator_cpp: 4.6.5 (/opt/ros/jazzy/share/rosidl_generator_cpp/cmake)
-- Using all available rosidl_typesupport_c: rosidl_typesupport_fastrtps_c;rosidl_typesupport_introspection_c
-- Using all available rosidl_typesupport_cpp: rosidl_typesupport_fastrtps_cpp;rosidl_typesupport_introspection_cpp
-- Found rmw_implementation_cmake: 7.3.2 (/opt/ros/jazzy/share/rmw_implementation_cmake/cmake)
-- Found rmw_fastrtps_cpp: 8.4.2 (/opt/ros/jazzy/share/rmw_fastrtps_cpp/cmake)
-- Found OpenSSL: /usr/lib/x86_64-linux-gnu/libcrypto.so (found version "3.0.13")  
-- Found FastRTPS: /opt/ros/jazzy/include (Required is at least version "2.13") 
-- Using RMW implementation 'rmw_fastrtps_cpp' as default
-- Found feetech_cpp_lib: 0.0.0 (/home/martijn/manipulator_assisted_landing/install/feetech_cpp_lib/share/feetech_cpp_lib/cmake)
-- Found sensor_msgs: 5.3.6 (/opt/ros/jazzy/share/sensor_msgs/cmake)
-- Found rosidl_default_generators: 1.6.0 (/opt/ros/jazzy/share/rosidl_default_generators/cmake)
-- Found rosidl_adapter: 4.6.5 (/opt/ros/jazzy/share/rosidl_adapter/cmake)
-- Found std_srvs: 5.3.6 (/opt/ros/jazzy/share/std_srvs/cmake)
-- Found ament_cmake_ros: 0.12.0 (/opt/ros/jazzy/share/ament_cmake_ros/cmake)
-- Using all available rosidl_typesupport_c: rosidl_typesupport_fastrtps_c;rosidl_typesupport_introspection_c
-- Using all available rosidl_typesupport_cpp: rosidl_typesupport_fastrtps_cpp;rosidl_typesupport_introspection_cpp
-- Found python_cmake_module: 0.11.1 (/opt/ros/jazzy/share/python_cmake_module/cmake)
-- Found PythonExtra: /usr/bin/python3  
-- Found Python3: /usr/bin/python3 (found version "3.12.3") found components: Interpreter Development NumPy Development.Module Development.Embed 
-- Configuring done (2.7s)
-- Generating done (0.0s)
-- Build files have been written to: /home/martijn/manipulator_assisted_landing/build/feetech_ros2
[  2%] [34m[1mGenerating type hashes for ROS interfaces[0m
[  2%] Built target ament_cmake_python_copy_feetech_ros2
[  2%] Built target feetech_ros2__rosidl_generator_type_description
[  5%] [34m[1mGenerating C code for ROS interfaces[0m
[  8%] [34m[1mGenerating C++ code for ROS interfaces[0m
running egg_info
creating feetech_ros2.egg-info
writing feetech_ros2.egg-info/PKG-INFO
writing dependency_links to feetech_ros2.egg-info/dependency_links.txt
writing top-level names to feetech_ros2.egg-info/top_level.txt
writing manifest file 'feetech_ros2.egg-info/SOURCES.txt'
reading manifest file 'feetech_ros2.egg-info/SOURCES.txt'
writing manifest file 'feetech_ros2.egg-info/SOURCES.txt'
[  8%] Built target ament_cmake_python_build_feetech_ros2_egg
[  8%] Built target feetech_ros2__cpp
[ 11%] [32mBuilding C object CMakeFiles/feetech_ros2__rosidl_generator_c.dir/rosidl_generator_c/feetech_ros2/srv/detail/set_mode__description.c.o[0m
[ 13%] [32mBuilding C object CMakeFiles/feetech_ros2__rosidl_generator_c.dir/rosidl_generator_c/feetech_ros2/srv/detail/set_mode__functions.c.o[0m
[ 16%] [32mBuilding C object CMakeFiles/feetech_ros2__rosidl_generator_c.dir/rosidl_generator_c/feetech_ros2/srv/detail/set_mode__type_support.c.o[0m
[ 19%] [32m[1mLinking C shared library libfeetech_ros2__rosidl_generator_c.so[0m
[ 19%] Built target feetech_ros2__rosidl_generator_c
[ 22%] [34m[1mGenerating C++ type support dispatch for ROS interfaces[0m
[ 25%] [34m[1mGenerating C type support dispatch for ROS interfaces[0m
[ 27%] [34m[1mGenerating C++ introspection for ROS interfaces[0m
[ 33%] [34m[1mGenerating C type support for eProsima Fast-RTPS[0m
[ 33%] [34m[1mGenerating C++ type support for eProsima Fast-RTPS[0m
[ 36%] [34m[1mGenerating C introspection for ROS interfaces[0m
[ 38%] [32mBuilding CXX object CMakeFiles/feetech_ros2__rosidl_typesupport_c.dir/rosidl_typesupport_c/feetech_ros2/srv/set_mode__type_support.cpp.o[0m
[ 41%] [32mBuilding CXX object CMakeFiles/feetech_ros2__rosidl_typesupport_cpp.dir/rosidl_typesupport_cpp/feetech_ros2/srv/set_mode__type_support.cpp.o[0m
[ 44%] [32mBuilding CXX object CMakeFiles/feetech_ros2__rosidl_typesupport_introspection_cpp.dir/rosidl_typesupport_introspection_cpp/feetech_ros2/srv/detail/set_mode__type_support.cpp.o[0m
[ 47%] [32m[1mLinking CXX shared library libfeetech_ros2__rosidl_typesupport_c.so[0m
[ 50%] [32mBuilding CXX object CMakeFiles/feetech_ros2__rosidl_typesupport_fastrtps_c.dir/rosidl_typesupport_fastrtps_c/feetech_ros2/srv/detail/set_mode__type_support_c.cpp.o[0m
[ 52%] [32mBuilding CXX object CMakeFiles/feetech_ros2__rosidl_typesupport_fastrtps_cpp.dir/rosidl_typesupport_fastrtps_cpp/feetech_ros2/srv/detail/dds_fastrtps/set_mode__type_support.cpp.o[0m
[ 52%] Built target feetech_ros2__rosidl_typesupport_c
[ 55%] [32mBuilding C object CMakeFiles/feetech_ros2__rosidl_typesupport_introspection_c.dir/rosidl_typesupport_introspection_c/feetech_ros2/srv/detail/set_mode__type_support.c.o[0m
[ 58%] [32m[1mLinking C shared library libfeetech_ros2__rosidl_typesupport_introspection_c.so[0m
[ 58%] Built target feetech_ros2__rosidl_typesupport_introspection_c
[ 61%] [32m[1mLinking CXX shared library libfeetech_ros2__rosidl_typesupport_cpp.so[0m
[ 63%] [32m[1mLinking CXX shared library libfeetech_ros2__rosidl_typesupport_introspection_cpp.so[0m
[ 63%] Built target feetech_ros2__rosidl_typesupport_cpp
[ 66%] [32mBuilding CXX object CMakeFiles/feetech_ros2_interface.dir/src/feetech_ros2_interface.cpp.o[0m
[ 69%] [32m[1mLinking CXX shared library libfeetech_ros2__rosidl_typesupport_fastrtps_c.so[0m
[ 69%] Built target feetech_ros2__rosidl_typesupport_introspection_cpp
[ 69%] Built target feetech_ros2__rosidl_typesupport_fastrtps_c
[ 72%] [32m[1mLinking CXX shared library libfeetech_ros2__rosidl_typesupport_fastrtps_cpp.so[0m
[ 72%] Built target feetech_ros2__rosidl_typesupport_fastrtps_cpp
[ 72%] Built target feetech_ros2
[ 75%] [34m[1mGenerating Python code for ROS interfaces[0m
[ 75%] Built target feetech_ros2__py
[ 77%] [32mBuilding C object CMakeFiles/feetech_ros2__rosidl_generator_py.dir/rosidl_generator_py/feetech_ros2/srv/_set_mode_s.c.o[0m
[ 80%] [32m[1mLinking C shared library libfeetech_ros2__rosidl_generator_py.so[0m
[ 80%] Built target feetech_ros2__rosidl_generator_py
[ 83%] [32mBuilding C object CMakeFiles/feetech_ros2_s__rosidl_typesupport_fastrtps_c.dir/rosidl_generator_py/feetech_ros2/_feetech_ros2_s.ep.rosidl_typesupport_fastrtps_c.c.o[0m
[ 86%] [32mBuilding C object CMakeFiles/feetech_ros2_s__rosidl_typesupport_introspection_c.dir/rosidl_generator_py/feetech_ros2/_feetech_ros2_s.ep.rosidl_typesupport_introspection_c.c.o[0m
[ 88%] [32mBuilding C object CMakeFiles/feetech_ros2_s__rosidl_typesupport_c.dir/rosidl_generator_py/feetech_ros2/_feetech_ros2_s.ep.rosidl_typesupport_c.c.o[0m
[ 91%] [32m[1mLinking C shared module rosidl_generator_py/feetech_ros2/feetech_ros2_s__rosidl_typesupport_c.so[0m
[ 94%] [32m[1mLinking C shared module rosidl_generator_py/feetech_ros2/feetech_ros2_s__rosidl_typesupport_introspection_c.so[0m
[ 97%] [32m[1mLinking C shared module rosidl_generator_py/feetech_ros2/feetech_ros2_s__rosidl_typesupport_fastrtps_c.so[0m
[ 97%] Built target feetech_ros2_s__rosidl_typesupport_c
[ 97%] Built target feetech_ros2_s__rosidl_typesupport_introspection_c
[ 97%] Built target feetech_ros2_s__rosidl_typesupport_fastrtps_c
[100%] [32m[1mLinking CXX executable feetech_ros2_interface[0m
[100%] Built target feetech_ros2_interface
-- Install configuration: ""
-- Installing: /home/martijn/manipulator_assisted_landing/install/feetech_ros2/share/ament_index/resource_index/rosidl_interfaces/feetech_ros2
-- Installing: /home/martijn/manipulator_assisted_landing/install/feetech_ros2/share/feetech_ros2/srv/SetMode.json
-- Installing: /home/martijn/manipulator_assisted_landing/install/feetech_ros2/include/feetech_ros2/feetech_ros2
-- Installing: /home/martijn/manipulator_assisted_landing/install/feetech_ros2/include/feetech_ros2/feetech_ros2/srv
-- Installing: /home/martijn/manipulator_assisted_landing/install/feetech_ros2/include/feetech_ros2/feetech_ros2/srv/detail
-- Installing: /home/martijn/manipulator_assisted_landing/install/feetech_ros2/include/feetech_ros2/feetech_ros2/srv/detail/set_mode__struct.h
-- Installing: /home/martijn/manipulator_assisted_landing/install/feetech_ros2/include/feetech_ros2/feetech_ros2/srv/detail/set_mode__type_support.h
-- Installing: /home/martijn/manipulator_assisted_landing/install/feetech_ros2/include/feetech_ros2/feetech_ros2/srv/detail/set_mode__type_support.c
-- Installing: /home/martijn/manipulator_assisted_landing/install/feetech_ros2/include/feetech_ros2/feetech_ros2/srv/detail/set_mode__functions.h
-- Installing: /home/martijn/manipulator_assisted_landing/install/feetech_ros2/include/feetech_ros2/feetech_ros2/srv/detail/set_mode__description.c
-- Installing: /home/martijn/manipulator_assisted_landing/install/feetech_ros2/include/feetech_ros2/feetech_ros2/srv/detail/set_mode__functions.c
-- Installing: /home/martijn/manipulator_assisted_landing/install/feetech_ros2/include/feetech_ros2/feetech_ros2/srv/set_mode.h
-- Installing: /home/martijn/manipulator_assisted_landing/install/feetech_ros2/include/feetech_ros2/feetech_ros2/msg
-- Installing: /home/martijn/manipulator_assisted_landing/install/feetech_ros2/include/feetech_ros2/feetech_ros2/msg/rosidl_generator_c__visibility_control.h
-- Installing: /home/martijn/manipulator_assisted_landing/install/feetech_ros2/share/feetech_ros2/environment/library_path.sh
-- Installing: /home/martijn/manipulator_assisted_landing/install/feetech_ros2/share/feetech_ros2/environment/library_path.dsv
-- Installing: /home/martijn/manipulator_assisted_landing/install/feetech_ros2/lib/libfeetech_ros2__rosidl_generator_c.so
-- Set non-toolchain portion of runtime path of "/home/martijn/manipulator_assisted_landing/install/feetech_ros2/lib/libfeetech_ros2__rosidl_generator_c.so" to ""
-- Up-to-date: /home/martijn/manipulator_assisted_landing/install/feetech_ros2/include/feetech_ros2/feetech_ros2
-- Up-to-date: /home/martijn/manipulator_assisted_landing/install/feetech_ros2/include/feetech_ros2/feetech_ros2/srv
-- Up-to-date: /home/martijn/manipulator_assisted_landing/install/feetech_ros2/include/feetech_ros2/feetech_ros2/srv/detail
-- Installing: /home/martijn/manipulator_assisted_landing/install/feetech_ros2/include/feetech_ros2/feetech_ros2/srv/detail/set_mode__rosidl_typesupport_fastrtps_c.h
-- Up-to-date: /home/martijn/manipulator_assisted_landing/install/feetech_ros2/include/feetech_ros2/feetech_ros2/msg
-- Installing: /home/martijn/manipulator_assisted_landing/install/feetech_ros2/include/feetech_ros2/feetech_ros2/msg/rosidl_typesupport_fastrtps_c__visibility_control.h
-- Installing: /home/martijn/manipulator_assisted_landing/install/feetech_ros2/lib/libfeetech_ros2__rosidl_typesupport_fastrtps_c.so
-- Set non-toolchain portion of runtime path of "/home/martijn/manipulator_assisted_landing/install/feetech_ros2/lib/libfeetech_ros2__rosidl_typesupport_fastrtps_c.so" to ""
-- Up-to-date: /home/martijn/manipulator_assisted_landing/install/feetech_ros2/include/feetech_ros2/feetech_ros2
-- Up-to-date: /home/martijn/manipulator_assisted_landing/install/feetech_ros2/include/feetech_ros2/feetech_ros2/srv
-- Installing: /home/martijn/manipulator_assisted_landing/install/feetech_ros2/include/feetech_ros2/feetech_ros2/srv/set_mode.hpp
-- Up-to-date: /home/martijn/manipulator_assisted_landing/install/feetech_ros2/include/feetech_ros2/feetech_ros2/srv/detail
-- Installing: /home/martijn/manipulator_assisted_landing/install/feetech_ros2/include/feetech_ros2/feetech_ros2/srv/detail/set_mode__traits.hpp
-- Installing: /home/martijn/manipulator_assisted_landing/install/feetech_ros2/include/feetech_ros2/feetech_ros2/srv/detail/set_mode__struct.hpp
-- Installing: /home/martijn/manipulator_assisted_landing/install/feetech_ros2/include/feetech_ros2/feetech_ros2/srv/detail/set_mode__type_support.hpp
-- Installing: /home/martijn/manipulator_assisted_landing/install/feetech_ros2/include/feetech_ros2/feetech_ros2/srv/detail/set_mode__builder.hpp
-- Up-to-date: /home/martijn/manipulator_assisted_landing/install/feetech_ros2/include/feetech_ros2/feetech_ros2/msg
-- Installing: /home/martijn/manipulator_assisted_landing/install/feetech_ros2/include/feetech_ros2/feetech_ros2/msg/rosidl_generator_cpp__visibility_control.hpp
-- Up-to-date: /home/martijn/manipulator_assisted_landing/install/feetech_ros2/include/feetech_ros2/feetech_ros2
-- Up-to-date: /home/martijn/manipulator_assisted_landing/install/feetech_ros2/include/feetech_ros2/feetech_ros2/srv
-- Up-to-date: /home/martijn/manipulator_assisted_landing/install/feetech_ros2/include/feetech_ros2/feetech_ros2/srv/detail
-- Installing: /home/martijn/manipulator_assisted_landing/install/feetech_ros2/include/feetech_ros2/feetech_ros2/srv/detail/set_mode__rosidl_typesupport_fastrtps_cpp.hpp
-- Installing: /home/martijn/manipulator_assisted_landing/install/feetech_ros2/include/feetech_ros2/feetech_ros2/srv/detail/dds_fastrtps
-- Up-to-date: /home/martijn/manipulator_assisted_landing/install/feetech_ros2/include/feetech_ros2/feetech_ros2/msg
-- Installing: /home/martijn/manipulator_assisted_landing/install/feetech_ros2/include/feetech_ros2/feetech_ros2/msg/rosidl_typesupport_fastrtps_cpp__visibility_control.h
-- Installing: /home/martijn/manipulator_assisted_landing/install/feetech_ros2/lib/libfeetech_ros2__rosidl_typesupport_fastrtps_cpp.so
-- Set non-toolchain portion of runtime path of "/home/martijn/manipulator_assisted_landing/install/feetech_ros2/lib/libfeetech_ros2__rosidl_typesupport_fastrtps_cpp.so" to ""
-- Up-to-date: /home/martijn/manipulator_assisted_landing/install/feetech_ros2/include/feetech_ros2/feetech_ros2
-- Up-to-date: /home/martijn/manipulator_assisted_landing/install/feetech_ros2/include/feetech_ros2/feetech_ros2/srv
-- Up-to-date: /home/martijn/manipulator_assisted_landing/install/feetech_ros2/include/feetech_ros2/feetech_ros2/srv/detail
-- Up-to-date: /home/martijn/manipulator_assisted_landing/install/feetech_ros2/include/feetech_ros2/feetech_ros2/srv/detail/set_mode__type_support.c
-- Installing: /home/martijn/manipulator_assisted_landing/install/feetech_ros2/include/feetech_ros2/feetech_ros2/srv/detail/set_mode__rosidl_typesupport_introspection_c.h
-- Up-to-date: /home/martijn/manipulator_assisted_landing/install/feetech_ros2/include/feetech_ros2/feetech_ros2/msg
-- Installing: /home/martijn/manipulator_assisted_landing/install/feetech_ros2/include/feetech_ros2/feetech_ros2/msg/rosidl_typesupport_introspection_c__visibility_control.h
-- Installing: /home/martijn/manipulator_assisted_landing/install/feetech_ros2/lib/libfeetech_ros2__rosidl_typesupport_introspection_c.so
-- Set non-toolchain portion of runtime path of "/home/martijn/manipulator_assisted_landing/install/feetech_ros2/lib/libfeetech_ros2__rosidl_typesupport_introspection_c.so" to ""
-- Installing: /home/martijn/manipulator_assisted_landing/install/feetech_ros2/lib/libfeetech_ros2__rosidl_typesupport_c.so
-- Set non-toolchain portion of runtime path of "/home/martijn/manipulator_assisted_landing/install/feetech_ros2/lib/libfeetech_ros2__rosidl_typesupport_c.so" to ""
-- Up-to-date: /home/martijn/manipulator_assisted_landing/install/feetech_ros2/include/feetech_ros2/feetech_ros2
-- Up-to-date: /home/martijn/manipulator_assisted_landing/install/feetech_ros2/include/feetech_ros2/feetech_ros2/srv
-- Up-to-date: /home/martijn/manipulator_assisted_landing/install/feetech_ros2/include/feetech_ros2/feetech_ros2/srv/detail
-- Installing: /home/martijn/manipulator_assisted_landing/install/feetech_ros2/include/feetech_ros2/feetech_ros2/srv/detail/set_mode__type_support.cpp
-- Installing: /home/martijn/manipulator_assisted_landing/install/feetech_ros2/include/feetech_ros2/feetech_ros2/srv/detail/set_mode__rosidl_typesupport_introspection_cpp.hpp
-- Installing: /home/martijn/manipulator_assisted_landing/install/feetech_ros2/lib/libfeetech_ros2__rosidl_typesupport_introspection_cpp.so
-- Set non-toolchain portion of runtime path of "/home/martijn/manipulator_assisted_landing/install/feetech_ros2/lib/libfeetech_ros2__rosidl_typesupport_introspection_cpp.so" to ""
-- Installing: /home/martijn/manipulator_assisted_landing/install/feetech_ros2/lib/libfeetech_ros2__rosidl_typesupport_cpp.so
-- Set non-toolchain portion of runtime path of "/home/martijn/manipulator_assisted_landing/install/feetech_ros2/lib/libfeetech_ros2__rosidl_typesupport_cpp.so" to ""
-- Installing: /home/martijn/manipulator_assisted_landing/install/feetech_ros2/share/feetech_ros2/environment/pythonpath.sh
-- Installing: /home/martijn/manipulator_assisted_landing/install/feetech_ros2/share/feetech_ros2/environment/pythonpath.dsv
-- Installing: /home/martijn/manipulator_assisted_landing/install/feetech_ros2/lib/python3.12/site-packages/feetech_ros2-0.0.1-py3.12.egg-info
-- Installing: /home/martijn/manipulator_assisted_landing/install/feetech_ros2/lib/python3.12/site-packages/feetech_ros2-0.0.1-py3.12.egg-info/top_level.txt
-- Installing: /home/martijn/manipulator_assisted_landing/install/feetech_ros2/lib/python3.12/site-packages/feetech_ros2-0.0.1-py3.12.egg-info/dependency_links.txt
-- Installing: /home/martijn/manipulator_assisted_landing/install/feetech_ros2/lib/python3.12/site-packages/feetech_ros2-0.0.1-py3.12.egg-info/SOURCES.txt
-- Installing: /home/martijn/manipulator_assisted_landing/install/feetech_ros2/lib/python3.12/site-packages/feetech_ros2-0.0.1-py3.12.egg-info/PKG-INFO
-- Installing: /home/martijn/manipulator_assisted_landing/install/feetech_ros2/lib/python3.12/site-packages/feetech_ros2
-- Installing: /home/martijn/manipulator_assisted_landing/install/feetech_ros2/lib/python3.12/site-packages/feetech_ros2/_feetech_ros2_s.ep.rosidl_typesupport_fastrtps_c.c
-- Installing: /home/martijn/manipulator_assisted_landing/install/feetech_ros2/lib/python3.12/site-packages/feetech_ros2/_feetech_ros2_s.ep.rosidl_typesupport_c.c
-- Installing: /home/martijn/manipulator_assisted_landing/install/feetech_ros2/lib/python3.12/site-packages/feetech_ros2/srv
-- Installing: /home/martijn/manipulator_assisted_landing/install/feetech_ros2/lib/python3.12/site-packages/feetech_ros2/srv/_set_mode.py
-- Installing: /home/martijn/manipulator_assisted_landing/install/feetech_ros2/lib/python3.12/site-packages/feetech_ros2/srv/_set_mode_s.c
-- Installing: /home/martijn/manipulator_assisted_landing/install/feetech_ros2/lib/python3.12/site-packages/feetech_ros2/srv/__init__.py
-- Installing: /home/martijn/manipulator_assisted_landing/install/feetech_ros2/lib/python3.12/site-packages/feetech_ros2/_feetech_ros2_s.ep.rosidl_typesupport_introspection_c.c
-- Installing: /home/martijn/manipulator_assisted_landing/install/feetech_ros2/lib/python3.12/site-packages/feetech_ros2/feetech_ros2_s__rosidl_typesupport_introspection_c.so
-- Installing: /home/martijn/manipulator_assisted_landing/install/feetech_ros2/lib/python3.12/site-packages/feetech_ros2/feetech_ros2_s__rosidl_typesupport_c.so
-- Installing: /home/martijn/manipulator_assisted_landing/install/feetech_ros2/lib/python3.12/site-packages/feetech_ros2/__init__.py
-- Installing: /home/martijn/manipulator_assisted_landing/install/feetech_ros2/lib/python3.12/site-packages/feetech_ros2/feetech_ros2_s__rosidl_typesupport_fastrtps_c.so
Listing '/home/martijn/manipulator_assisted_landing/install/feetech_ros2/lib/python3.12/site-packages/feetech_ros2'...
Compiling '/home/martijn/manipulator_assisted_landing/install/feetech_ros2/lib/python3.12/site-packages/feetech_ros2/__init__.py'...
Listing '/home/martijn/manipulator_assisted_landing/install/feetech_ros2/lib/python3.12/site-packages/feetech_ros2/srv'...
Compiling '/home/martijn/manipulator_assisted_landing/install/feetech_ros2/lib/python3.12/site-packages/feetech_ros2/srv/__init__.py'...
Compiling '/home/martijn/manipulator_assisted_landing/install/feetech_ros2/lib/python3.12/site-packages/feetech_ros2/srv/_set_mode.py'...
-- Installing: /home/martijn/manipulator_assisted_landing/install/feetech_ros2/lib/python3.12/site-packages/feetech_ros2/feetech_ros2_s__rosidl_typesupport_fastrtps_c.so
-- Set non-toolchain portion of runtime path of "/home/martijn/manipulator_assisted_landing/install/feetech_ros2/lib/python3.12/site-packages/feetech_ros2/feetech_ros2_s__rosidl_typesupport_fastrtps_c.so" to ""
-- Installing: /home/martijn/manipulator_assisted_landing/install/feetech_ros2/lib/python3.12/site-packages/feetech_ros2/feetech_ros2_s__rosidl_typesupport_introspection_c.so
-- Set non-toolchain portion of runtime path of "/home/martijn/manipulator_assisted_landing/install/feetech_ros2/lib/python3.12/site-packages/feetech_ros2/feetech_ros2_s__rosidl_typesupport_introspection_c.so" to ""
-- Installing: /home/martijn/manipulator_assisted_landing/install/feetech_ros2/lib/python3.12/site-packages/feetech_ros2/feetech_ros2_s__rosidl_typesupport_c.so
-- Set non-toolchain portion of runtime path of "/home/martijn/manipulator_assisted_landing/install/feetech_ros2/lib/python3.12/site-packages/feetech_ros2/feetech_ros2_s__rosidl_typesupport_c.so" to ""
-- Installing: /home/martijn/manipulator_assisted_landing/install/feetech_ros2/lib/libfeetech_ros2__rosidl_generator_py.so
-- Set non-toolchain portion of runtime path of "/home/martijn/manipulator_assisted_landing/install/feetech_ros2/lib/libfeetech_ros2__rosidl_generator_py.so" to ""
-- Installing: /home/martijn/manipulator_assisted_landing/install/feetech_ros2/share/feetech_ros2/srv/SetMode.idl
-- Installing: /home/martijn/manipulator_assisted_landing/install/feetech_ros2/share/feetech_ros2/srv/SetMode.srv
-- Installing: /home/martijn/manipulator_assisted_landing/install/feetech_ros2/lib/feetech_ros2/feetech_ros2_interface
-- Set non-toolchain portion of runtime path of "/home/martijn/manipulator_assisted_landing/install/feetech_ros2/lib/feetech_ros2/feetech_ros2_interface" to ""
-- Installing: /home/martijn/manipulator_assisted_landing/install/feetech_ros2/share/feetech_ros2/launch
-- Installing: /home/martijn/manipulator_assisted_landing/install/feetech_ros2/share/feetech_ros2/launch/example.launch.py
-- Installing: /home/martijn/manipulator_assisted_landing/install/feetech_ros2/share/feetech_ros2/config
-- Installing: /home/martijn/manipulator_assisted_landing/install/feetech_ros2/share/feetech_ros2/config/example_params.yaml
-- Installing: /home/martijn/manipulator_assisted_landing/install/feetech_ros2/share/ament_index/resource_index/package_run_dependencies/feetech_ros2
-- Installing: /home/martijn/manipulator_assisted_landing/install/feetech_ros2/share/ament_index/resource_index/parent_prefix_path/feetech_ros2
-- Installing: /home/martijn/manipulator_assisted_landing/install/feetech_ros2/share/feetech_ros2/environment/ament_prefix_path.sh
-- Installing: /home/martijn/manipulator_assisted_landing/install/feetech_ros2/share/feetech_ros2/environment/ament_prefix_path.dsv
-- Installing: /home/martijn/manipulator_assisted_landing/install/feetech_ros2/share/feetech_ros2/environment/path.sh
-- Installing: /home/martijn/manipulator_assisted_landing/install/feetech_ros2/share/feetech_ros2/environment/path.dsv
-- Installing: /home/martijn/manipulator_assisted_landing/install/feetech_ros2/share/feetech_ros2/local_setup.bash
-- Installing: /home/martijn/manipulator_assisted_landing/install/feetech_ros2/share/feetech_ros2/local_setup.sh
-- Installing: /home/martijn/manipulator_assisted_landing/install/feetech_ros2/share/feetech_ros2/local_setup.zsh
-- Installing: /home/martijn/manipulator_assisted_landing/install/feetech_ros2/share/feetech_ros2/local_setup.dsv
-- Installing: /home/martijn/manipulator_assisted_landing/install/feetech_ros2/share/feetech_ros2/package.dsv
-- Installing: /home/martijn/manipulator_assisted_landing/install/feetech_ros2/share/ament_index/resource_index/packages/feetech_ros2
-- Installing: /home/martijn/manipulator_assisted_landing/install/feetech_ros2/share/feetech_ros2/cmake/export_feetech_ros2__rosidl_generator_cExport.cmake
-- Installing: /home/martijn/manipulator_assisted_landing/install/feetech_ros2/share/feetech_ros2/cmake/export_feetech_ros2__rosidl_generator_cExport-noconfig.cmake
-- Installing: /home/martijn/manipulator_assisted_landing/install/feetech_ros2/share/feetech_ros2/cmake/export_feetech_ros2__rosidl_typesupport_fastrtps_cExport.cmake
-- Installing: /home/martijn/manipulator_assisted_landing/install/feetech_ros2/share/feetech_ros2/cmake/export_feetech_ros2__rosidl_typesupport_fastrtps_cExport-noconfig.cmake
-- Installing: /home/martijn/manipulator_assisted_landing/install/feetech_ros2/share/feetech_ros2/cmake/export_feetech_ros2__rosidl_generator_cppExport.cmake
-- Installing: /home/martijn/manipulator_assisted_landing/install/feetech_ros2/share/feetech_ros2/cmake/export_feetech_ros2__rosidl_typesupport_fastrtps_cppExport.cmake
-- Installing: /home/martijn/manipulator_assisted_landing/install/feetech_ros2/share/feetech_ros2/cmake/export_feetech_ros2__rosidl_typesupport_fastrtps_cppExport-noconfig.cmake
-- Installing: /home/martijn/manipulator_assisted_landing/install/feetech_ros2/share/feetech_ros2/cmake/feetech_ros2__rosidl_typesupport_introspection_cExport.cmake
-- Installing: /home/martijn/manipulator_assisted_landing/install/feetech_ros2/share/feetech_ros2/cmake/feetech_ros2__rosidl_typesupport_introspection_cExport-noconfig.cmake
-- Installing: /home/martijn/manipulator_assisted_landing/install/feetech_ros2/share/feetech_ros2/cmake/feetech_ros2__rosidl_typesupport_cExport.cmake
-- Installing: /home/martijn/manipulator_assisted_landing/install/feetech_ros2/share/feetech_ros2/cmake/feetech_ros2__rosidl_typesupport_cExport-noconfig.cmake
-- Installing: /home/martijn/manipulator_assisted_landing/install/feetech_ros2/share/feetech_ros2/cmake/feetech_ros2__rosidl_typesupport_introspection_cppExport.cmake
-- Installing: /home/martijn/manipulator_assisted_landing/install/feetech_ros2/share/feetech_ros2/cmake/feetech_ros2__rosidl_typesupport_introspection_cppExport-noconfig.cmake
-- Installing: /home/martijn/manipulator_assisted_landing/install/feetech_ros2/share/feetech_ros2/cmake/feetech_ros2__rosidl_typesupport_cppExport.cmake
-- Installing: /home/martijn/manipulator_assisted_landing/install/feetech_ros2/share/feetech_ros2/cmake/feetech_ros2__rosidl_typesupport_cppExport-noconfig.cmake
-- Installing: /home/martijn/manipulator_assisted_landing/install/feetech_ros2/share/feetech_ros2/cmake/export_feetech_ros2__rosidl_generator_pyExport.cmake
-- Installing: /home/martijn/manipulator_assisted_landing/install/feetech_ros2/share/feetech_ros2/cmake/export_feetech_ros2__rosidl_generator_pyExport-noconfig.cmake
-- Installing: /home/martijn/manipulator_assisted_landing/install/feetech_ros2/share/feetech_ros2/cmake/rosidl_cmake-extras.cmake
-- Installing: /home/martijn/manipulator_assisted_landing/install/feetech_ros2/share/feetech_ros2/cmake/ament_cmake_export_dependencies-extras.cmake
-- Installing: /home/martijn/manipulator_assisted_landing/install/feetech_ros2/share/feetech_ros2/cmake/ament_cmake_export_include_directories-extras.cmake
-- Installing: /home/martijn/manipulator_assisted_landing/install/feetech_ros2/share/feetech_ros2/cmake/ament_cmake_export_libraries-extras.cmake
-- Installing: /home/martijn/manipulator_assisted_landing/install/feetech_ros2/share/feetech_ros2/cmake/ament_cmake_export_targets-extras.cmake
-- Installing: /home/martijn/manipulator_assisted_landing/install/feetech_ros2/share/feetech_ros2/cmake/rosidl_cmake_export_typesupport_targets-extras.cmake
-- Installing: /home/martijn/manipulator_assisted_landing/install/feetech_ros2/share/feetech_ros2/cmake/rosidl_cmake_export_typesupport_libraries-extras.cmake
-- Installing: /home/martijn/manipulator_assisted_landing/install/feetech_ros2/share/feetech_ros2/cmake/feetech_ros2Config.cmake
-- Installing: /home/martijn/manipulator_assisted_landing/install/feetech_ros2/share/feetech_ros2/cmake/feetech_ros2Config-version.cmake
-- Installing: /home/martijn/manipulator_assisted_landing/install/feetech_ros2/share/feetech_ros2/package.xml
