[0.008s] Invoking command in '/home/martijn/manipulator_assisted_landing/build/feetech_ros2': AMENT_PREFIX_PATH=/home/martijn/manipulator_assisted_landing/install/feetech_cpp_lib:${AMENT_PREFIX_PATH} CMAKE_PREFIX_PATH=/home/martijn/manipulator_assisted_landing/install/feetech_cpp_lib:/opt/ros/jazzy/opt/gz_sim_vendor:/opt/ros/jazzy/opt/gz_sensors_vendor:/opt/ros/jazzy/opt/gz_physics_vendor:/opt/ros/jazzy/opt/sdformat_vendor:/opt/ros/jazzy/opt/gz_gui_vendor:/opt/ros/jazzy/opt/gz_transport_vendor:/opt/ros/jazzy/opt/gz_rendering_vendor:/opt/ros/jazzy/opt/gz_plugin_vendor:/opt/ros/jazzy/opt/gz_fuel_tools_vendor:/opt/ros/jazzy/opt/gz_msgs_vendor:/opt/ros/jazzy/opt/gz_common_vendor:/opt/ros/jazzy/opt/gz_math_vendor:/opt/ros/jazzy/opt/gz_utils_vendor:/opt/ros/jazzy/opt/gz_tools_vendor:/opt/ros/jazzy/opt/gz_ogre_next_vendor:/opt/ros/jazzy/opt/gz_dartsim_vendor:/opt/ros/jazzy/opt/gz_cmake_vendor:/opt/ros/jazzy DEBUGINFOD_URLS=https://debuginfod.ubuntu.com LD_LIBRARY_PATH=/home/martijn/manipulator_assisted_landing/install/feetech_cpp_lib/lib:${LD_LIBRARY_PATH} /usr/bin/cmake /home/martijn/manipulator_assisted_landing/src/feetech_ros2_driver/feetech_ros2 -DCMAKE_INSTALL_PREFIX=/home/martijn/manipulator_assisted_landing/install/feetech_ros2
[0.060s] -- The C compiler identification is GNU 13.3.0
[0.104s] -- The CXX compiler identification is GNU 13.3.0
[0.120s] -- Detecting C compiler ABI info
[0.203s] -- Detecting C compiler ABI info - done
[0.213s] -- Check for working C compiler: /usr/bin/cc - skipped
[0.213s] -- Detecting C compile features
[0.213s] -- Detecting C compile features - done
[0.223s] -- Detecting CXX compiler ABI info
[0.317s] -- Detecting CXX compiler ABI info - done
[0.323s] -- Check for working CXX compiler: /usr/bin/c++ - skipped
[0.324s] -- Detecting CXX compile features
[0.324s] -- Detecting CXX compile features - done
[0.326s] -- Found ament_cmake: 2.5.4 (/opt/ros/jazzy/share/ament_cmake/cmake)
[0.452s] -- Found Python3: /usr/bin/python3 (found version "3.12.3") found components: Interpreter 
[0.538s] -- Found rclcpp: 28.1.9 (/opt/ros/jazzy/share/rclcpp/cmake)
[0.573s] -- Found rosidl_generator_c: 4.6.5 (/opt/ros/jazzy/share/rosidl_generator_c/cmake)
[0.584s] -- Found rosidl_generator_cpp: 4.6.5 (/opt/ros/jazzy/share/rosidl_generator_cpp/cmake)
[0.596s] -- Using all available rosidl_typesupport_c: rosidl_typesupport_fastrtps_c;rosidl_typesupport_introspection_c
[0.610s] -- Using all available rosidl_typesupport_cpp: rosidl_typesupport_fastrtps_cpp;rosidl_typesupport_introspection_cpp
[0.676s] -- Found rmw_implementation_cmake: 7.3.2 (/opt/ros/jazzy/share/rmw_implementation_cmake/cmake)
[0.680s] -- Found rmw_fastrtps_cpp: 8.4.2 (/opt/ros/jazzy/share/rmw_fastrtps_cpp/cmake)
[0.768s] -- Found OpenSSL: /usr/lib/x86_64-linux-gnu/libcrypto.so (found version "3.0.13")  
[0.788s] -- Found FastRTPS: /opt/ros/jazzy/include (Required is at least version "2.13") 
[0.813s] -- Using RMW implementation 'rmw_fastrtps_cpp' as default
[0.876s] -- Found feetech_cpp_lib: 0.0.0 (/home/martijn/manipulator_assisted_landing/install/feetech_cpp_lib/share/feetech_cpp_lib/cmake)
[0.880s] -- Found sensor_msgs: 5.3.6 (/opt/ros/jazzy/share/sensor_msgs/cmake)
[0.929s] -- Found rosidl_default_generators: 1.6.0 (/opt/ros/jazzy/share/rosidl_default_generators/cmake)
[0.941s] -- Found rosidl_adapter: 4.6.5 (/opt/ros/jazzy/share/rosidl_adapter/cmake)
[0.944s] -- Found std_srvs: 5.3.6 (/opt/ros/jazzy/share/std_srvs/cmake)
[1.418s] -- Found ament_cmake_ros: 0.12.0 (/opt/ros/jazzy/share/ament_cmake_ros/cmake)
[1.990s] -- Using all available rosidl_typesupport_c: rosidl_typesupport_fastrtps_c;rosidl_typesupport_introspection_c
[2.211s] -- Using all available rosidl_typesupport_cpp: rosidl_typesupport_fastrtps_cpp;rosidl_typesupport_introspection_cpp
[2.214s] -- Found python_cmake_module: 0.11.1 (/opt/ros/jazzy/share/python_cmake_module/cmake)
[2.326s] -- Found PythonExtra: /usr/bin/python3  
[2.661s] -- Found Python3: /usr/bin/python3 (found version "3.12.3") found components: Interpreter Development NumPy Development.Module Development.Embed 
[2.691s] -- Configuring done (2.7s)
[2.716s] -- Generating done (0.0s)
[2.725s] -- Build files have been written to: /home/martijn/manipulator_assisted_landing/build/feetech_ros2
[2.733s] Invoked command in '/home/martijn/manipulator_assisted_landing/build/feetech_ros2' returned '0': AMENT_PREFIX_PATH=/home/martijn/manipulator_assisted_landing/install/feetech_cpp_lib:${AMENT_PREFIX_PATH} CMAKE_PREFIX_PATH=/home/martijn/manipulator_assisted_landing/install/feetech_cpp_lib:/opt/ros/jazzy/opt/gz_sim_vendor:/opt/ros/jazzy/opt/gz_sensors_vendor:/opt/ros/jazzy/opt/gz_physics_vendor:/opt/ros/jazzy/opt/sdformat_vendor:/opt/ros/jazzy/opt/gz_gui_vendor:/opt/ros/jazzy/opt/gz_transport_vendor:/opt/ros/jazzy/opt/gz_rendering_vendor:/opt/ros/jazzy/opt/gz_plugin_vendor:/opt/ros/jazzy/opt/gz_fuel_tools_vendor:/opt/ros/jazzy/opt/gz_msgs_vendor:/opt/ros/jazzy/opt/gz_common_vendor:/opt/ros/jazzy/opt/gz_math_vendor:/opt/ros/jazzy/opt/gz_utils_vendor:/opt/ros/jazzy/opt/gz_tools_vendor:/opt/ros/jazzy/opt/gz_ogre_next_vendor:/opt/ros/jazzy/opt/gz_dartsim_vendor:/opt/ros/jazzy/opt/gz_cmake_vendor:/opt/ros/jazzy DEBUGINFOD_URLS=https://debuginfod.ubuntu.com LD_LIBRARY_PATH=/home/martijn/manipulator_assisted_landing/install/feetech_cpp_lib/lib:${LD_LIBRARY_PATH} /usr/bin/cmake /home/martijn/manipulator_assisted_landing/src/feetech_ros2_driver/feetech_ros2 -DCMAKE_INSTALL_PREFIX=/home/martijn/manipulator_assisted_landing/install/feetech_ros2
[2.734s] Invoking command in '/home/martijn/manipulator_assisted_landing/build/feetech_ros2': AMENT_PREFIX_PATH=/home/martijn/manipulator_assisted_landing/install/feetech_cpp_lib:${AMENT_PREFIX_PATH} CMAKE_PREFIX_PATH=/home/martijn/manipulator_assisted_landing/install/feetech_cpp_lib:/opt/ros/jazzy/opt/gz_sim_vendor:/opt/ros/jazzy/opt/gz_sensors_vendor:/opt/ros/jazzy/opt/gz_physics_vendor:/opt/ros/jazzy/opt/sdformat_vendor:/opt/ros/jazzy/opt/gz_gui_vendor:/opt/ros/jazzy/opt/gz_transport_vendor:/opt/ros/jazzy/opt/gz_rendering_vendor:/opt/ros/jazzy/opt/gz_plugin_vendor:/opt/ros/jazzy/opt/gz_fuel_tools_vendor:/opt/ros/jazzy/opt/gz_msgs_vendor:/opt/ros/jazzy/opt/gz_common_vendor:/opt/ros/jazzy/opt/gz_math_vendor:/opt/ros/jazzy/opt/gz_utils_vendor:/opt/ros/jazzy/opt/gz_tools_vendor:/opt/ros/jazzy/opt/gz_ogre_next_vendor:/opt/ros/jazzy/opt/gz_dartsim_vendor:/opt/ros/jazzy/opt/gz_cmake_vendor:/opt/ros/jazzy DEBUGINFOD_URLS=https://debuginfod.ubuntu.com LD_LIBRARY_PATH=/home/martijn/manipulator_assisted_landing/install/feetech_cpp_lib/lib:${LD_LIBRARY_PATH} /usr/bin/cmake --build /home/martijn/manipulator_assisted_landing/build/feetech_ros2 -- -j20 -l20
[2.785s] [  2%] [34m[1mGenerating type hashes for ROS interfaces[0m
[2.795s] [  2%] Built target ament_cmake_python_copy_feetech_ros2
[2.923s] [  2%] Built target feetech_ros2__rosidl_generator_type_description
[2.936s] [  5%] [34m[1mGenerating C code for ROS interfaces[0m
[2.947s] [  8%] [34m[1mGenerating C++ code for ROS interfaces[0m
[2.960s] running egg_info
[2.960s] creating feetech_ros2.egg-info
[2.975s] writing feetech_ros2.egg-info/PKG-INFO
[2.975s] writing dependency_links to feetech_ros2.egg-info/dependency_links.txt
[2.975s] writing top-level names to feetech_ros2.egg-info/top_level.txt
[2.975s] writing manifest file 'feetech_ros2.egg-info/SOURCES.txt'
[3.018s] reading manifest file 'feetech_ros2.egg-info/SOURCES.txt'
[3.018s] writing manifest file 'feetech_ros2.egg-info/SOURCES.txt'
[3.042s] [  8%] Built target ament_cmake_python_build_feetech_ros2_egg
[3.129s] [  8%] Built target feetech_ros2__cpp
[3.139s] [ 11%] [32mBuilding C object CMakeFiles/feetech_ros2__rosidl_generator_c.dir/rosidl_generator_c/feetech_ros2/srv/detail/set_mode__description.c.o[0m
[3.141s] [ 13%] [32mBuilding C object CMakeFiles/feetech_ros2__rosidl_generator_c.dir/rosidl_generator_c/feetech_ros2/srv/detail/set_mode__functions.c.o[0m
[3.141s] [ 16%] [32mBuilding C object CMakeFiles/feetech_ros2__rosidl_generator_c.dir/rosidl_generator_c/feetech_ros2/srv/detail/set_mode__type_support.c.o[0m
[3.199s] [ 19%] [32m[1mLinking C shared library libfeetech_ros2__rosidl_generator_c.so[0m
[3.236s] [ 19%] Built target feetech_ros2__rosidl_generator_c
[3.244s] [ 22%] [34m[1mGenerating C++ type support dispatch for ROS interfaces[0m
[3.244s] [ 25%] [34m[1mGenerating C type support dispatch for ROS interfaces[0m
[3.244s] [ 27%] [34m[1mGenerating C++ introspection for ROS interfaces[0m
[3.248s] [ 33%] [34m[1mGenerating C type support for eProsima Fast-RTPS[0m
[3.248s] [ 33%] [34m[1mGenerating C++ type support for eProsima Fast-RTPS[0m
[3.248s] [ 36%] [34m[1mGenerating C introspection for ROS interfaces[0m
[3.402s] [ 38%] [32mBuilding CXX object CMakeFiles/feetech_ros2__rosidl_typesupport_c.dir/rosidl_typesupport_c/feetech_ros2/srv/set_mode__type_support.cpp.o[0m
[3.408s] [ 41%] [32mBuilding CXX object CMakeFiles/feetech_ros2__rosidl_typesupport_cpp.dir/rosidl_typesupport_cpp/feetech_ros2/srv/set_mode__type_support.cpp.o[0m
[3.423s] [ 44%] [32mBuilding CXX object CMakeFiles/feetech_ros2__rosidl_typesupport_introspection_cpp.dir/rosidl_typesupport_introspection_cpp/feetech_ros2/srv/detail/set_mode__type_support.cpp.o[0m
[3.437s] [ 47%] [32m[1mLinking CXX shared library libfeetech_ros2__rosidl_typesupport_c.so[0m
[3.450s] [ 50%] [32mBuilding CXX object CMakeFiles/feetech_ros2__rosidl_typesupport_fastrtps_c.dir/rosidl_typesupport_fastrtps_c/feetech_ros2/srv/detail/set_mode__type_support_c.cpp.o[0m
[3.453s] [ 52%] [32mBuilding CXX object CMakeFiles/feetech_ros2__rosidl_typesupport_fastrtps_cpp.dir/rosidl_typesupport_fastrtps_cpp/feetech_ros2/srv/detail/dds_fastrtps/set_mode__type_support.cpp.o[0m
[3.476s] [ 52%] Built target feetech_ros2__rosidl_typesupport_c
[3.476s] [ 55%] [32mBuilding C object CMakeFiles/feetech_ros2__rosidl_typesupport_introspection_c.dir/rosidl_typesupport_introspection_c/feetech_ros2/srv/detail/set_mode__type_support.c.o[0m
[3.514s] [ 58%] [32m[1mLinking C shared library libfeetech_ros2__rosidl_typesupport_introspection_c.so[0m
[3.546s] [ 58%] Built target feetech_ros2__rosidl_typesupport_introspection_c
[3.646s] [ 61%] [32m[1mLinking CXX shared library libfeetech_ros2__rosidl_typesupport_cpp.so[0m
[3.696s] [ 63%] [32m[1mLinking CXX shared library libfeetech_ros2__rosidl_typesupport_introspection_cpp.so[0m
[3.710s] [ 63%] Built target feetech_ros2__rosidl_typesupport_cpp
[3.734s] [ 66%] [32mBuilding CXX object CMakeFiles/feetech_ros2_interface.dir/src/feetech_ros2_interface.cpp.o[0m
[3.751s] [ 69%] [32m[1mLinking CXX shared library libfeetech_ros2__rosidl_typesupport_fastrtps_c.so[0m
[3.757s] [ 69%] Built target feetech_ros2__rosidl_typesupport_introspection_cpp
[3.795s] [ 69%] Built target feetech_ros2__rosidl_typesupport_fastrtps_c
[3.829s] [ 72%] [32m[1mLinking CXX shared library libfeetech_ros2__rosidl_typesupport_fastrtps_cpp.so[0m
[3.892s] [ 72%] Built target feetech_ros2__rosidl_typesupport_fastrtps_cpp
[3.911s] [ 72%] Built target feetech_ros2
[3.931s] [ 75%] [34m[1mGenerating Python code for ROS interfaces[0m
[4.159s] [ 75%] Built target feetech_ros2__py
[4.180s] [ 77%] [32mBuilding C object CMakeFiles/feetech_ros2__rosidl_generator_py.dir/rosidl_generator_py/feetech_ros2/srv/_set_mode_s.c.o[0m
[4.278s] [ 80%] [32m[1mLinking C shared library libfeetech_ros2__rosidl_generator_py.so[0m
[4.318s] [ 80%] Built target feetech_ros2__rosidl_generator_py
[4.340s] [ 83%] [32mBuilding C object CMakeFiles/feetech_ros2_s__rosidl_typesupport_fastrtps_c.dir/rosidl_generator_py/feetech_ros2/_feetech_ros2_s.ep.rosidl_typesupport_fastrtps_c.c.o[0m
[4.340s] [ 86%] [32mBuilding C object CMakeFiles/feetech_ros2_s__rosidl_typesupport_introspection_c.dir/rosidl_generator_py/feetech_ros2/_feetech_ros2_s.ep.rosidl_typesupport_introspection_c.c.o[0m
[4.340s] [ 88%] [32mBuilding C object CMakeFiles/feetech_ros2_s__rosidl_typesupport_c.dir/rosidl_generator_py/feetech_ros2/_feetech_ros2_s.ep.rosidl_typesupport_c.c.o[0m
[4.415s] [ 91%] [32m[1mLinking C shared module rosidl_generator_py/feetech_ros2/feetech_ros2_s__rosidl_typesupport_c.so[0m
[4.415s] [ 94%] [32m[1mLinking C shared module rosidl_generator_py/feetech_ros2/feetech_ros2_s__rosidl_typesupport_introspection_c.so[0m
[4.424s] [ 97%] [32m[1mLinking C shared module rosidl_generator_py/feetech_ros2/feetech_ros2_s__rosidl_typesupport_fastrtps_c.so[0m
[4.446s] [ 97%] Built target feetech_ros2_s__rosidl_typesupport_c
[4.447s] [ 97%] Built target feetech_ros2_s__rosidl_typesupport_introspection_c
[4.455s] [ 97%] Built target feetech_ros2_s__rosidl_typesupport_fastrtps_c
[10.347s] [100%] [32m[1mLinking CXX executable feetech_ros2_interface[0m
[10.651s] [100%] Built target feetech_ros2_interface
[10.663s] Invoked command in '/home/martijn/manipulator_assisted_landing/build/feetech_ros2' returned '0': AMENT_PREFIX_PATH=/home/martijn/manipulator_assisted_landing/install/feetech_cpp_lib:${AMENT_PREFIX_PATH} CMAKE_PREFIX_PATH=/home/martijn/manipulator_assisted_landing/install/feetech_cpp_lib:/opt/ros/jazzy/opt/gz_sim_vendor:/opt/ros/jazzy/opt/gz_sensors_vendor:/opt/ros/jazzy/opt/gz_physics_vendor:/opt/ros/jazzy/opt/sdformat_vendor:/opt/ros/jazzy/opt/gz_gui_vendor:/opt/ros/jazzy/opt/gz_transport_vendor:/opt/ros/jazzy/opt/gz_rendering_vendor:/opt/ros/jazzy/opt/gz_plugin_vendor:/opt/ros/jazzy/opt/gz_fuel_tools_vendor:/opt/ros/jazzy/opt/gz_msgs_vendor:/opt/ros/jazzy/opt/gz_common_vendor:/opt/ros/jazzy/opt/gz_math_vendor:/opt/ros/jazzy/opt/gz_utils_vendor:/opt/ros/jazzy/opt/gz_tools_vendor:/opt/ros/jazzy/opt/gz_ogre_next_vendor:/opt/ros/jazzy/opt/gz_dartsim_vendor:/opt/ros/jazzy/opt/gz_cmake_vendor:/opt/ros/jazzy DEBUGINFOD_URLS=https://debuginfod.ubuntu.com LD_LIBRARY_PATH=/home/martijn/manipulator_assisted_landing/install/feetech_cpp_lib/lib:${LD_LIBRARY_PATH} /usr/bin/cmake --build /home/martijn/manipulator_assisted_landing/build/feetech_ros2 -- -j20 -l20
[10.664s] Invoking command in '/home/martijn/manipulator_assisted_landing/build/feetech_ros2': AMENT_PREFIX_PATH=/home/martijn/manipulator_assisted_landing/install/feetech_cpp_lib:${AMENT_PREFIX_PATH} CMAKE_PREFIX_PATH=/home/martijn/manipulator_assisted_landing/install/feetech_cpp_lib:/opt/ros/jazzy/opt/gz_sim_vendor:/opt/ros/jazzy/opt/gz_sensors_vendor:/opt/ros/jazzy/opt/gz_physics_vendor:/opt/ros/jazzy/opt/sdformat_vendor:/opt/ros/jazzy/opt/gz_gui_vendor:/opt/ros/jazzy/opt/gz_transport_vendor:/opt/ros/jazzy/opt/gz_rendering_vendor:/opt/ros/jazzy/opt/gz_plugin_vendor:/opt/ros/jazzy/opt/gz_fuel_tools_vendor:/opt/ros/jazzy/opt/gz_msgs_vendor:/opt/ros/jazzy/opt/gz_common_vendor:/opt/ros/jazzy/opt/gz_math_vendor:/opt/ros/jazzy/opt/gz_utils_vendor:/opt/ros/jazzy/opt/gz_tools_vendor:/opt/ros/jazzy/opt/gz_ogre_next_vendor:/opt/ros/jazzy/opt/gz_dartsim_vendor:/opt/ros/jazzy/opt/gz_cmake_vendor:/opt/ros/jazzy DEBUGINFOD_URLS=https://debuginfod.ubuntu.com LD_LIBRARY_PATH=/home/martijn/manipulator_assisted_landing/install/feetech_cpp_lib/lib:${LD_LIBRARY_PATH} /usr/bin/cmake --install /home/martijn/manipulator_assisted_landing/build/feetech_ros2
[10.672s] -- Install configuration: ""
[10.672s] -- Installing: /home/martijn/manipulator_assisted_landing/install/feetech_ros2/share/ament_index/resource_index/rosidl_interfaces/feetech_ros2
[10.672s] -- Installing: /home/martijn/manipulator_assisted_landing/install/feetech_ros2/share/feetech_ros2/srv/SetMode.json
[10.672s] -- Installing: /home/martijn/manipulator_assisted_landing/install/feetech_ros2/include/feetech_ros2/feetech_ros2
[10.672s] -- Installing: /home/martijn/manipulator_assisted_landing/install/feetech_ros2/include/feetech_ros2/feetech_ros2/srv
[10.672s] -- Installing: /home/martijn/manipulator_assisted_landing/install/feetech_ros2/include/feetech_ros2/feetech_ros2/srv/detail
[10.672s] -- Installing: /home/martijn/manipulator_assisted_landing/install/feetech_ros2/include/feetech_ros2/feetech_ros2/srv/detail/set_mode__struct.h
[10.672s] -- Installing: /home/martijn/manipulator_assisted_landing/install/feetech_ros2/include/feetech_ros2/feetech_ros2/srv/detail/set_mode__type_support.h
[10.672s] -- Installing: /home/martijn/manipulator_assisted_landing/install/feetech_ros2/include/feetech_ros2/feetech_ros2/srv/detail/set_mode__type_support.c
[10.672s] -- Installing: /home/martijn/manipulator_assisted_landing/install/feetech_ros2/include/feetech_ros2/feetech_ros2/srv/detail/set_mode__functions.h
[10.672s] -- Installing: /home/martijn/manipulator_assisted_landing/install/feetech_ros2/include/feetech_ros2/feetech_ros2/srv/detail/set_mode__description.c
[10.672s] -- Installing: /home/martijn/manipulator_assisted_landing/install/feetech_ros2/include/feetech_ros2/feetech_ros2/srv/detail/set_mode__functions.c
[10.672s] -- Installing: /home/martijn/manipulator_assisted_landing/install/feetech_ros2/include/feetech_ros2/feetech_ros2/srv/set_mode.h
[10.672s] -- Installing: /home/martijn/manipulator_assisted_landing/install/feetech_ros2/include/feetech_ros2/feetech_ros2/msg
[10.672s] -- Installing: /home/martijn/manipulator_assisted_landing/install/feetech_ros2/include/feetech_ros2/feetech_ros2/msg/rosidl_generator_c__visibility_control.h
[10.672s] -- Installing: /home/martijn/manipulator_assisted_landing/install/feetech_ros2/share/feetech_ros2/environment/library_path.sh
[10.672s] -- Installing: /home/martijn/manipulator_assisted_landing/install/feetech_ros2/share/feetech_ros2/environment/library_path.dsv
[10.672s] -- Installing: /home/martijn/manipulator_assisted_landing/install/feetech_ros2/lib/libfeetech_ros2__rosidl_generator_c.so
[10.673s] -- Set non-toolchain portion of runtime path of "/home/martijn/manipulator_assisted_landing/install/feetech_ros2/lib/libfeetech_ros2__rosidl_generator_c.so" to ""
[10.673s] -- Up-to-date: /home/martijn/manipulator_assisted_landing/install/feetech_ros2/include/feetech_ros2/feetech_ros2
[10.673s] -- Up-to-date: /home/martijn/manipulator_assisted_landing/install/feetech_ros2/include/feetech_ros2/feetech_ros2/srv
[10.673s] -- Up-to-date: /home/martijn/manipulator_assisted_landing/install/feetech_ros2/include/feetech_ros2/feetech_ros2/srv/detail
[10.673s] -- Installing: /home/martijn/manipulator_assisted_landing/install/feetech_ros2/include/feetech_ros2/feetech_ros2/srv/detail/set_mode__rosidl_typesupport_fastrtps_c.h
[10.673s] -- Up-to-date: /home/martijn/manipulator_assisted_landing/install/feetech_ros2/include/feetech_ros2/feetech_ros2/msg
[10.673s] -- Installing: /home/martijn/manipulator_assisted_landing/install/feetech_ros2/include/feetech_ros2/feetech_ros2/msg/rosidl_typesupport_fastrtps_c__visibility_control.h
[10.673s] -- Installing: /home/martijn/manipulator_assisted_landing/install/feetech_ros2/lib/libfeetech_ros2__rosidl_typesupport_fastrtps_c.so
[10.673s] -- Set non-toolchain portion of runtime path of "/home/martijn/manipulator_assisted_landing/install/feetech_ros2/lib/libfeetech_ros2__rosidl_typesupport_fastrtps_c.so" to ""
[10.673s] -- Up-to-date: /home/martijn/manipulator_assisted_landing/install/feetech_ros2/include/feetech_ros2/feetech_ros2
[10.673s] -- Up-to-date: /home/martijn/manipulator_assisted_landing/install/feetech_ros2/include/feetech_ros2/feetech_ros2/srv
[10.673s] -- Installing: /home/martijn/manipulator_assisted_landing/install/feetech_ros2/include/feetech_ros2/feetech_ros2/srv/set_mode.hpp
[10.673s] -- Up-to-date: /home/martijn/manipulator_assisted_landing/install/feetech_ros2/include/feetech_ros2/feetech_ros2/srv/detail
[10.673s] -- Installing: /home/martijn/manipulator_assisted_landing/install/feetech_ros2/include/feetech_ros2/feetech_ros2/srv/detail/set_mode__traits.hpp
[10.673s] -- Installing: /home/martijn/manipulator_assisted_landing/install/feetech_ros2/include/feetech_ros2/feetech_ros2/srv/detail/set_mode__struct.hpp
[10.673s] -- Installing: /home/martijn/manipulator_assisted_landing/install/feetech_ros2/include/feetech_ros2/feetech_ros2/srv/detail/set_mode__type_support.hpp
[10.673s] -- Installing: /home/martijn/manipulator_assisted_landing/install/feetech_ros2/include/feetech_ros2/feetech_ros2/srv/detail/set_mode__builder.hpp
[10.673s] -- Up-to-date: /home/martijn/manipulator_assisted_landing/install/feetech_ros2/include/feetech_ros2/feetech_ros2/msg
[10.673s] -- Installing: /home/martijn/manipulator_assisted_landing/install/feetech_ros2/include/feetech_ros2/feetech_ros2/msg/rosidl_generator_cpp__visibility_control.hpp
[10.673s] -- Up-to-date: /home/martijn/manipulator_assisted_landing/install/feetech_ros2/include/feetech_ros2/feetech_ros2
[10.673s] -- Up-to-date: /home/martijn/manipulator_assisted_landing/install/feetech_ros2/include/feetech_ros2/feetech_ros2/srv
[10.673s] -- Up-to-date: /home/martijn/manipulator_assisted_landing/install/feetech_ros2/include/feetech_ros2/feetech_ros2/srv/detail
[10.673s] -- Installing: /home/martijn/manipulator_assisted_landing/install/feetech_ros2/include/feetech_ros2/feetech_ros2/srv/detail/set_mode__rosidl_typesupport_fastrtps_cpp.hpp
[10.673s] -- Installing: /home/martijn/manipulator_assisted_landing/install/feetech_ros2/include/feetech_ros2/feetech_ros2/srv/detail/dds_fastrtps
[10.674s] -- Up-to-date: /home/martijn/manipulator_assisted_landing/install/feetech_ros2/include/feetech_ros2/feetech_ros2/msg
[10.674s] -- Installing: /home/martijn/manipulator_assisted_landing/install/feetech_ros2/include/feetech_ros2/feetech_ros2/msg/rosidl_typesupport_fastrtps_cpp__visibility_control.h
[10.674s] -- Installing: /home/martijn/manipulator_assisted_landing/install/feetech_ros2/lib/libfeetech_ros2__rosidl_typesupport_fastrtps_cpp.so
[10.674s] -- Set non-toolchain portion of runtime path of "/home/martijn/manipulator_assisted_landing/install/feetech_ros2/lib/libfeetech_ros2__rosidl_typesupport_fastrtps_cpp.so" to ""
[10.674s] -- Up-to-date: /home/martijn/manipulator_assisted_landing/install/feetech_ros2/include/feetech_ros2/feetech_ros2
[10.674s] -- Up-to-date: /home/martijn/manipulator_assisted_landing/install/feetech_ros2/include/feetech_ros2/feetech_ros2/srv
[10.674s] -- Up-to-date: /home/martijn/manipulator_assisted_landing/install/feetech_ros2/include/feetech_ros2/feetech_ros2/srv/detail
[10.674s] -- Up-to-date: /home/martijn/manipulator_assisted_landing/install/feetech_ros2/include/feetech_ros2/feetech_ros2/srv/detail/set_mode__type_support.c
[10.674s] -- Installing: /home/martijn/manipulator_assisted_landing/install/feetech_ros2/include/feetech_ros2/feetech_ros2/srv/detail/set_mode__rosidl_typesupport_introspection_c.h
[10.674s] -- Up-to-date: /home/martijn/manipulator_assisted_landing/install/feetech_ros2/include/feetech_ros2/feetech_ros2/msg
[10.674s] -- Installing: /home/martijn/manipulator_assisted_landing/install/feetech_ros2/include/feetech_ros2/feetech_ros2/msg/rosidl_typesupport_introspection_c__visibility_control.h
[10.674s] -- Installing: /home/martijn/manipulator_assisted_landing/install/feetech_ros2/lib/libfeetech_ros2__rosidl_typesupport_introspection_c.so
[10.674s] -- Set non-toolchain portion of runtime path of "/home/martijn/manipulator_assisted_landing/install/feetech_ros2/lib/libfeetech_ros2__rosidl_typesupport_introspection_c.so" to ""
[10.674s] -- Installing: /home/martijn/manipulator_assisted_landing/install/feetech_ros2/lib/libfeetech_ros2__rosidl_typesupport_c.so
[10.674s] -- Set non-toolchain portion of runtime path of "/home/martijn/manipulator_assisted_landing/install/feetech_ros2/lib/libfeetech_ros2__rosidl_typesupport_c.so" to ""
[10.674s] -- Up-to-date: /home/martijn/manipulator_assisted_landing/install/feetech_ros2/include/feetech_ros2/feetech_ros2
[10.674s] -- Up-to-date: /home/martijn/manipulator_assisted_landing/install/feetech_ros2/include/feetech_ros2/feetech_ros2/srv
[10.674s] -- Up-to-date: /home/martijn/manipulator_assisted_landing/install/feetech_ros2/include/feetech_ros2/feetech_ros2/srv/detail
[10.674s] -- Installing: /home/martijn/manipulator_assisted_landing/install/feetech_ros2/include/feetech_ros2/feetech_ros2/srv/detail/set_mode__type_support.cpp
[10.674s] -- Installing: /home/martijn/manipulator_assisted_landing/install/feetech_ros2/include/feetech_ros2/feetech_ros2/srv/detail/set_mode__rosidl_typesupport_introspection_cpp.hpp
[10.674s] -- Installing: /home/martijn/manipulator_assisted_landing/install/feetech_ros2/lib/libfeetech_ros2__rosidl_typesupport_introspection_cpp.so
[10.675s] -- Set non-toolchain portion of runtime path of "/home/martijn/manipulator_assisted_landing/install/feetech_ros2/lib/libfeetech_ros2__rosidl_typesupport_introspection_cpp.so" to ""
[10.675s] -- Installing: /home/martijn/manipulator_assisted_landing/install/feetech_ros2/lib/libfeetech_ros2__rosidl_typesupport_cpp.so
[10.675s] -- Set non-toolchain portion of runtime path of "/home/martijn/manipulator_assisted_landing/install/feetech_ros2/lib/libfeetech_ros2__rosidl_typesupport_cpp.so" to ""
[10.675s] -- Installing: /home/martijn/manipulator_assisted_landing/install/feetech_ros2/share/feetech_ros2/environment/pythonpath.sh
[10.675s] -- Installing: /home/martijn/manipulator_assisted_landing/install/feetech_ros2/share/feetech_ros2/environment/pythonpath.dsv
[10.675s] -- Installing: /home/martijn/manipulator_assisted_landing/install/feetech_ros2/lib/python3.12/site-packages/feetech_ros2-0.0.1-py3.12.egg-info
[10.675s] -- Installing: /home/martijn/manipulator_assisted_landing/install/feetech_ros2/lib/python3.12/site-packages/feetech_ros2-0.0.1-py3.12.egg-info/top_level.txt
[10.675s] -- Installing: /home/martijn/manipulator_assisted_landing/install/feetech_ros2/lib/python3.12/site-packages/feetech_ros2-0.0.1-py3.12.egg-info/dependency_links.txt
[10.675s] -- Installing: /home/martijn/manipulator_assisted_landing/install/feetech_ros2/lib/python3.12/site-packages/feetech_ros2-0.0.1-py3.12.egg-info/SOURCES.txt
[10.675s] -- Installing: /home/martijn/manipulator_assisted_landing/install/feetech_ros2/lib/python3.12/site-packages/feetech_ros2-0.0.1-py3.12.egg-info/PKG-INFO
[10.675s] -- Installing: /home/martijn/manipulator_assisted_landing/install/feetech_ros2/lib/python3.12/site-packages/feetech_ros2
[10.675s] -- Installing: /home/martijn/manipulator_assisted_landing/install/feetech_ros2/lib/python3.12/site-packages/feetech_ros2/_feetech_ros2_s.ep.rosidl_typesupport_fastrtps_c.c
[10.675s] -- Installing: /home/martijn/manipulator_assisted_landing/install/feetech_ros2/lib/python3.12/site-packages/feetech_ros2/_feetech_ros2_s.ep.rosidl_typesupport_c.c
[10.675s] -- Installing: /home/martijn/manipulator_assisted_landing/install/feetech_ros2/lib/python3.12/site-packages/feetech_ros2/srv
[10.675s] -- Installing: /home/martijn/manipulator_assisted_landing/install/feetech_ros2/lib/python3.12/site-packages/feetech_ros2/srv/_set_mode.py
[10.675s] -- Installing: /home/martijn/manipulator_assisted_landing/install/feetech_ros2/lib/python3.12/site-packages/feetech_ros2/srv/_set_mode_s.c
[10.675s] -- Installing: /home/martijn/manipulator_assisted_landing/install/feetech_ros2/lib/python3.12/site-packages/feetech_ros2/srv/__init__.py
[10.675s] -- Installing: /home/martijn/manipulator_assisted_landing/install/feetech_ros2/lib/python3.12/site-packages/feetech_ros2/_feetech_ros2_s.ep.rosidl_typesupport_introspection_c.c
[10.675s] -- Installing: /home/martijn/manipulator_assisted_landing/install/feetech_ros2/lib/python3.12/site-packages/feetech_ros2/feetech_ros2_s__rosidl_typesupport_introspection_c.so
[10.676s] -- Installing: /home/martijn/manipulator_assisted_landing/install/feetech_ros2/lib/python3.12/site-packages/feetech_ros2/feetech_ros2_s__rosidl_typesupport_c.so
[10.676s] -- Installing: /home/martijn/manipulator_assisted_landing/install/feetech_ros2/lib/python3.12/site-packages/feetech_ros2/__init__.py
[10.676s] -- Installing: /home/martijn/manipulator_assisted_landing/install/feetech_ros2/lib/python3.12/site-packages/feetech_ros2/feetech_ros2_s__rosidl_typesupport_fastrtps_c.so
[10.705s] Listing '/home/martijn/manipulator_assisted_landing/install/feetech_ros2/lib/python3.12/site-packages/feetech_ros2'...
[10.705s] Compiling '/home/martijn/manipulator_assisted_landing/install/feetech_ros2/lib/python3.12/site-packages/feetech_ros2/__init__.py'...
[10.705s] Listing '/home/martijn/manipulator_assisted_landing/install/feetech_ros2/lib/python3.12/site-packages/feetech_ros2/srv'...
[10.705s] Compiling '/home/martijn/manipulator_assisted_landing/install/feetech_ros2/lib/python3.12/site-packages/feetech_ros2/srv/__init__.py'...
[10.706s] Compiling '/home/martijn/manipulator_assisted_landing/install/feetech_ros2/lib/python3.12/site-packages/feetech_ros2/srv/_set_mode.py'...
[10.710s] -- Installing: /home/martijn/manipulator_assisted_landing/install/feetech_ros2/lib/python3.12/site-packages/feetech_ros2/feetech_ros2_s__rosidl_typesupport_fastrtps_c.so
[10.710s] -- Set non-toolchain portion of runtime path of "/home/martijn/manipulator_assisted_landing/install/feetech_ros2/lib/python3.12/site-packages/feetech_ros2/feetech_ros2_s__rosidl_typesupport_fastrtps_c.so" to ""
[10.710s] -- Installing: /home/martijn/manipulator_assisted_landing/install/feetech_ros2/lib/python3.12/site-packages/feetech_ros2/feetech_ros2_s__rosidl_typesupport_introspection_c.so
[10.710s] -- Set non-toolchain portion of runtime path of "/home/martijn/manipulator_assisted_landing/install/feetech_ros2/lib/python3.12/site-packages/feetech_ros2/feetech_ros2_s__rosidl_typesupport_introspection_c.so" to ""
[10.710s] -- Installing: /home/martijn/manipulator_assisted_landing/install/feetech_ros2/lib/python3.12/site-packages/feetech_ros2/feetech_ros2_s__rosidl_typesupport_c.so
[10.710s] -- Set non-toolchain portion of runtime path of "/home/martijn/manipulator_assisted_landing/install/feetech_ros2/lib/python3.12/site-packages/feetech_ros2/feetech_ros2_s__rosidl_typesupport_c.so" to ""
[10.710s] -- Installing: /home/martijn/manipulator_assisted_landing/install/feetech_ros2/lib/libfeetech_ros2__rosidl_generator_py.so
[10.710s] -- Set non-toolchain portion of runtime path of "/home/martijn/manipulator_assisted_landing/install/feetech_ros2/lib/libfeetech_ros2__rosidl_generator_py.so" to ""
[10.710s] -- Installing: /home/martijn/manipulator_assisted_landing/install/feetech_ros2/share/feetech_ros2/srv/SetMode.idl
[10.710s] -- Installing: /home/martijn/manipulator_assisted_landing/install/feetech_ros2/share/feetech_ros2/srv/SetMode.srv
[10.710s] -- Installing: /home/martijn/manipulator_assisted_landing/install/feetech_ros2/lib/feetech_ros2/feetech_ros2_interface
[10.714s] -- Set non-toolchain portion of runtime path of "/home/martijn/manipulator_assisted_landing/install/feetech_ros2/lib/feetech_ros2/feetech_ros2_interface" to ""
[10.714s] -- Installing: /home/martijn/manipulator_assisted_landing/install/feetech_ros2/share/feetech_ros2/launch
[10.714s] -- Installing: /home/martijn/manipulator_assisted_landing/install/feetech_ros2/share/feetech_ros2/launch/example.launch.py
[10.714s] -- Installing: /home/martijn/manipulator_assisted_landing/install/feetech_ros2/share/feetech_ros2/config
[10.714s] -- Installing: /home/martijn/manipulator_assisted_landing/install/feetech_ros2/share/feetech_ros2/config/example_params.yaml
[10.714s] -- Installing: /home/martijn/manipulator_assisted_landing/install/feetech_ros2/share/ament_index/resource_index/package_run_dependencies/feetech_ros2
[10.715s] -- Installing: /home/martijn/manipulator_assisted_landing/install/feetech_ros2/share/ament_index/resource_index/parent_prefix_path/feetech_ros2
[10.715s] -- Installing: /home/martijn/manipulator_assisted_landing/install/feetech_ros2/share/feetech_ros2/environment/ament_prefix_path.sh
[10.715s] -- Installing: /home/martijn/manipulator_assisted_landing/install/feetech_ros2/share/feetech_ros2/environment/ament_prefix_path.dsv
[10.715s] -- Installing: /home/martijn/manipulator_assisted_landing/install/feetech_ros2/share/feetech_ros2/environment/path.sh
[10.715s] -- Installing: /home/martijn/manipulator_assisted_landing/install/feetech_ros2/share/feetech_ros2/environment/path.dsv
[10.715s] -- Installing: /home/martijn/manipulator_assisted_landing/install/feetech_ros2/share/feetech_ros2/local_setup.bash
[10.715s] -- Installing: /home/martijn/manipulator_assisted_landing/install/feetech_ros2/share/feetech_ros2/local_setup.sh
[10.715s] -- Installing: /home/martijn/manipulator_assisted_landing/install/feetech_ros2/share/feetech_ros2/local_setup.zsh
[10.715s] -- Installing: /home/martijn/manipulator_assisted_landing/install/feetech_ros2/share/feetech_ros2/local_setup.dsv
[10.715s] -- Installing: /home/martijn/manipulator_assisted_landing/install/feetech_ros2/share/feetech_ros2/package.dsv
[10.715s] -- Installing: /home/martijn/manipulator_assisted_landing/install/feetech_ros2/share/ament_index/resource_index/packages/feetech_ros2
[10.715s] -- Installing: /home/martijn/manipulator_assisted_landing/install/feetech_ros2/share/feetech_ros2/cmake/export_feetech_ros2__rosidl_generator_cExport.cmake
[10.715s] -- Installing: /home/martijn/manipulator_assisted_landing/install/feetech_ros2/share/feetech_ros2/cmake/export_feetech_ros2__rosidl_generator_cExport-noconfig.cmake
[10.715s] -- Installing: /home/martijn/manipulator_assisted_landing/install/feetech_ros2/share/feetech_ros2/cmake/export_feetech_ros2__rosidl_typesupport_fastrtps_cExport.cmake
[10.715s] -- Installing: /home/martijn/manipulator_assisted_landing/install/feetech_ros2/share/feetech_ros2/cmake/export_feetech_ros2__rosidl_typesupport_fastrtps_cExport-noconfig.cmake
[10.715s] -- Installing: /home/martijn/manipulator_assisted_landing/install/feetech_ros2/share/feetech_ros2/cmake/export_feetech_ros2__rosidl_generator_cppExport.cmake
[10.715s] -- Installing: /home/martijn/manipulator_assisted_landing/install/feetech_ros2/share/feetech_ros2/cmake/export_feetech_ros2__rosidl_typesupport_fastrtps_cppExport.cmake
[10.715s] -- Installing: /home/martijn/manipulator_assisted_landing/install/feetech_ros2/share/feetech_ros2/cmake/export_feetech_ros2__rosidl_typesupport_fastrtps_cppExport-noconfig.cmake
[10.715s] -- Installing: /home/martijn/manipulator_assisted_landing/install/feetech_ros2/share/feetech_ros2/cmake/feetech_ros2__rosidl_typesupport_introspection_cExport.cmake
[10.715s] -- Installing: /home/martijn/manipulator_assisted_landing/install/feetech_ros2/share/feetech_ros2/cmake/feetech_ros2__rosidl_typesupport_introspection_cExport-noconfig.cmake
[10.715s] -- Installing: /home/martijn/manipulator_assisted_landing/install/feetech_ros2/share/feetech_ros2/cmake/feetech_ros2__rosidl_typesupport_cExport.cmake
[10.715s] -- Installing: /home/martijn/manipulator_assisted_landing/install/feetech_ros2/share/feetech_ros2/cmake/feetech_ros2__rosidl_typesupport_cExport-noconfig.cmake
[10.715s] -- Installing: /home/martijn/manipulator_assisted_landing/install/feetech_ros2/share/feetech_ros2/cmake/feetech_ros2__rosidl_typesupport_introspection_cppExport.cmake
[10.715s] -- Installing: /home/martijn/manipulator_assisted_landing/install/feetech_ros2/share/feetech_ros2/cmake/feetech_ros2__rosidl_typesupport_introspection_cppExport-noconfig.cmake
[10.715s] -- Installing: /home/martijn/manipulator_assisted_landing/install/feetech_ros2/share/feetech_ros2/cmake/feetech_ros2__rosidl_typesupport_cppExport.cmake
[10.716s] -- Installing: /home/martijn/manipulator_assisted_landing/install/feetech_ros2/share/feetech_ros2/cmake/feetech_ros2__rosidl_typesupport_cppExport-noconfig.cmake
[10.716s] -- Installing: /home/martijn/manipulator_assisted_landing/install/feetech_ros2/share/feetech_ros2/cmake/export_feetech_ros2__rosidl_generator_pyExport.cmake
[10.716s] -- Installing: /home/martijn/manipulator_assisted_landing/install/feetech_ros2/share/feetech_ros2/cmake/export_feetech_ros2__rosidl_generator_pyExport-noconfig.cmake
[10.716s] -- Installing: /home/martijn/manipulator_assisted_landing/install/feetech_ros2/share/feetech_ros2/cmake/rosidl_cmake-extras.cmake
[10.716s] -- Installing: /home/martijn/manipulator_assisted_landing/install/feetech_ros2/share/feetech_ros2/cmake/ament_cmake_export_dependencies-extras.cmake
[10.716s] -- Installing: /home/martijn/manipulator_assisted_landing/install/feetech_ros2/share/feetech_ros2/cmake/ament_cmake_export_include_directories-extras.cmake
[10.716s] -- Installing: /home/martijn/manipulator_assisted_landing/install/feetech_ros2/share/feetech_ros2/cmake/ament_cmake_export_libraries-extras.cmake
[10.716s] -- Installing: /home/martijn/manipulator_assisted_landing/install/feetech_ros2/share/feetech_ros2/cmake/ament_cmake_export_targets-extras.cmake
[10.716s] -- Installing: /home/martijn/manipulator_assisted_landing/install/feetech_ros2/share/feetech_ros2/cmake/rosidl_cmake_export_typesupport_targets-extras.cmake
[10.716s] -- Installing: /home/martijn/manipulator_assisted_landing/install/feetech_ros2/share/feetech_ros2/cmake/rosidl_cmake_export_typesupport_libraries-extras.cmake
[10.716s] -- Installing: /home/martijn/manipulator_assisted_landing/install/feetech_ros2/share/feetech_ros2/cmake/feetech_ros2Config.cmake
[10.716s] -- Installing: /home/martijn/manipulator_assisted_landing/install/feetech_ros2/share/feetech_ros2/cmake/feetech_ros2Config-version.cmake
[10.716s] -- Installing: /home/martijn/manipulator_assisted_landing/install/feetech_ros2/share/feetech_ros2/package.xml
[10.718s] Invoked command in '/home/martijn/manipulator_assisted_landing/build/feetech_ros2' returned '0': AMENT_PREFIX_PATH=/home/martijn/manipulator_assisted_landing/install/feetech_cpp_lib:${AMENT_PREFIX_PATH} CMAKE_PREFIX_PATH=/home/martijn/manipulator_assisted_landing/install/feetech_cpp_lib:/opt/ros/jazzy/opt/gz_sim_vendor:/opt/ros/jazzy/opt/gz_sensors_vendor:/opt/ros/jazzy/opt/gz_physics_vendor:/opt/ros/jazzy/opt/sdformat_vendor:/opt/ros/jazzy/opt/gz_gui_vendor:/opt/ros/jazzy/opt/gz_transport_vendor:/opt/ros/jazzy/opt/gz_rendering_vendor:/opt/ros/jazzy/opt/gz_plugin_vendor:/opt/ros/jazzy/opt/gz_fuel_tools_vendor:/opt/ros/jazzy/opt/gz_msgs_vendor:/opt/ros/jazzy/opt/gz_common_vendor:/opt/ros/jazzy/opt/gz_math_vendor:/opt/ros/jazzy/opt/gz_utils_vendor:/opt/ros/jazzy/opt/gz_tools_vendor:/opt/ros/jazzy/opt/gz_ogre_next_vendor:/opt/ros/jazzy/opt/gz_dartsim_vendor:/opt/ros/jazzy/opt/gz_cmake_vendor:/opt/ros/jazzy DEBUGINFOD_URLS=https://debuginfod.ubuntu.com LD_LIBRARY_PATH=/home/martijn/manipulator_assisted_landing/install/feetech_cpp_lib/lib:${LD_LIBRARY_PATH} /usr/bin/cmake --install /home/martijn/manipulator_assisted_landing/build/feetech_ros2
