-- The C compiler identification is GNU 13.3.0
-- The CXX compiler identification is GNU 13.3.0
-- Detecting C compiler ABI info
-- Detecting C compiler ABI info - done
-- Check for working C compiler: /usr/bin/cc - skipped
-- Detecting C compile features
-- Detecting C compile features - done
-- Detecting CXX compiler ABI info
-- Detecting CXX compiler ABI info - done
-- Check for working CXX compiler: /usr/bin/c++ - skipped
-- Detecting CXX compile features
-- Detecting CXX compile features - done
-- Found ament_cmake: 2.5.4 (/opt/ros/jazzy/share/ament_cmake/cmake)
-- Found Python3: /usr/bin/python3 (found version "3.12.3") found components: Interpreter 
-- Found rclcpp: 28.1.9 (/opt/ros/jazzy/share/rclcpp/cmake)
-- Found rosidl_generator_c: 4.6.5 (/opt/ros/jazzy/share/rosidl_generator_c/cmake)
-- Found rosidl_generator_cpp: 4.6.5 (/opt/ros/jazzy/share/rosidl_generator_cpp/cmake)
-- Using all available rosidl_typesupport_c: rosidl_typesupport_fastrtps_c;rosidl_typesupport_introspection_c
-- Using all available rosidl_typesupport_cpp: rosidl_typesupport_fastrtps_cpp;rosidl_typesupport_introspection_cpp
-- Found rmw_implementation_cmake: 7.3.2 (/opt/ros/jazzy/share/rmw_implementation_cmake/cmake)
-- Found rmw_fastrtps_cpp: 8.4.2 (/opt/ros/jazzy/share/rmw_fastrtps_cpp/cmake)
-- Found OpenSSL: /usr/lib/x86_64-linux-gnu/libcrypto.so (found version "3.0.13")  
-- Found FastRTPS: /opt/ros/jazzy/include (Required is at least version "2.13") 
-- Using RMW implementation 'rmw_fastrtps_cpp' as default
-- Found std_msgs: 5.3.6 (/opt/ros/jazzy/share/std_msgs/cmake)
-- Found geometry_msgs: 5.3.6 (/opt/ros/jazzy/share/geometry_msgs/cmake)
-- Found px4_msgs: 2.0.1 (/home/martijn/manipulator_assisted_landing/install/px4_msgs/share/px4_msgs/cmake)
-- Found nav_msgs: 5.3.6 (/opt/ros/jazzy/share/nav_msgs/cmake)
-- Found tf2: 0.36.10 (/opt/ros/jazzy/share/tf2/cmake)
-- Found tf2_geometry_msgs: 0.36.10 (/opt/ros/jazzy/share/tf2_geometry_msgs/cmake)
-- Found eigen3_cmake_module: 0.3.0 (/opt/ros/jazzy/share/eigen3_cmake_module/cmake)
-- Found Eigen3: TRUE (found version "3.4.0") 
-- Ensuring Eigen3 include directory is part of orocos-kdl CMake target
-- Found sensor_msgs: 5.3.6 (/opt/ros/jazzy/share/sensor_msgs/cmake)
-- Found ament_lint_auto: 0.17.2 (/opt/ros/jazzy/share/ament_lint_auto/cmake)
-- Added test 'cppcheck' to perform static code analysis on C / C++ code
-- Configured cppcheck include dirs: /home/martijn/manipulator_assisted_landing/src/px4_uam_sim/include
-- Configured cppcheck exclude dirs and/or files: 
-- Added test 'flake8' to check Python code syntax and style conventions
-- Configured 'flake8' exclude dirs and/or files: 
-- Added test 'lint_cmake' to check CMake code style
-- Added test 'pep257' to check Python code against some of the docstring style conventions in PEP 257
-- Added test 'uncrustify' to check C / C++ code style
-- Configured uncrustify additional arguments: 
-- Added test 'xmllint' to check XML markup files
-- Configuring done (1.3s)
-- Generating done (0.0s)
-- Build files have been written to: /home/martijn/manipulator_assisted_landing/build/px4_uam_sim
[ 25%] [32mBuilding CXX object CMakeFiles/uam_handler.dir/src/uam_handler.cpp.o[0m
[ 50%] [32mBuilding CXX object CMakeFiles/mocap_forwarder.dir/src/mocap_forwarder.cpp.o[0m
[ 75%] [32m[1mLinking CXX executable mocap_forwarder[0m
[ 75%] Built target mocap_forwarder
[100%] [32m[1mLinking CXX executable uam_handler[0m
[100%] Built target uam_handler
-- Install configuration: ""
-- Installing: /home/martijn/manipulator_assisted_landing/install/px4_uam_sim/share/px4_uam_sim/launch
-- Installing: /home/martijn/manipulator_assisted_landing/install/px4_uam_sim/share/px4_uam_sim/launch/gz_martijn.launch.py
-- Installing: /home/martijn/manipulator_assisted_landing/install/px4_uam_sim/share/px4_uam_sim/launch/gz_martijn_one_arm.launch.py
-- Installing: /home/martijn/manipulator_assisted_landing/install/px4_uam_sim/lib/px4_uam_sim/mocap_forwarder
-- Set non-toolchain portion of runtime path of "/home/martijn/manipulator_assisted_landing/install/px4_uam_sim/lib/px4_uam_sim/mocap_forwarder" to ""
-- Installing: /home/martijn/manipulator_assisted_landing/install/px4_uam_sim/lib/px4_uam_sim/uam_handler
-- Set non-toolchain portion of runtime path of "/home/martijn/manipulator_assisted_landing/install/px4_uam_sim/lib/px4_uam_sim/uam_handler" to ""
-- Installing: /home/martijn/manipulator_assisted_landing/install/px4_uam_sim/share/ament_index/resource_index/package_run_dependencies/px4_uam_sim
-- Installing: /home/martijn/manipulator_assisted_landing/install/px4_uam_sim/share/ament_index/resource_index/parent_prefix_path/px4_uam_sim
-- Installing: /home/martijn/manipulator_assisted_landing/install/px4_uam_sim/share/px4_uam_sim/environment/ament_prefix_path.sh
-- Installing: /home/martijn/manipulator_assisted_landing/install/px4_uam_sim/share/px4_uam_sim/environment/ament_prefix_path.dsv
-- Installing: /home/martijn/manipulator_assisted_landing/install/px4_uam_sim/share/px4_uam_sim/environment/path.sh
-- Installing: /home/martijn/manipulator_assisted_landing/install/px4_uam_sim/share/px4_uam_sim/environment/path.dsv
-- Installing: /home/martijn/manipulator_assisted_landing/install/px4_uam_sim/share/px4_uam_sim/local_setup.bash
-- Installing: /home/martijn/manipulator_assisted_landing/install/px4_uam_sim/share/px4_uam_sim/local_setup.sh
-- Installing: /home/martijn/manipulator_assisted_landing/install/px4_uam_sim/share/px4_uam_sim/local_setup.zsh
-- Installing: /home/martijn/manipulator_assisted_landing/install/px4_uam_sim/share/px4_uam_sim/local_setup.dsv
-- Installing: /home/martijn/manipulator_assisted_landing/install/px4_uam_sim/share/px4_uam_sim/package.dsv
-- Installing: /home/martijn/manipulator_assisted_landing/install/px4_uam_sim/share/ament_index/resource_index/packages/px4_uam_sim
-- Installing: /home/martijn/manipulator_assisted_landing/install/px4_uam_sim/share/px4_uam_sim/cmake/px4_uam_simConfig.cmake
-- Installing: /home/martijn/manipulator_assisted_landing/install/px4_uam_sim/share/px4_uam_sim/cmake/px4_uam_simConfig-version.cmake
-- Installing: /home/martijn/manipulator_assisted_landing/install/px4_uam_sim/share/px4_uam_sim/package.xml
